[I 2024-06-06 14:10:42,055] Trial 75 finished with value: 0.5622853960042811 and parameters: {'learning_rate': 0.012319894103129154, 'depth': 9, 'l2_leaf_reg': 0.019956981140379627, 'colsample_bylevel': 0.8403092324746749, 'min_data_in_leaf': 87}. Best is trial 52 with value: 0.5564074254399323.
/home/ai4062/.local/lib/python3.10/site-packages/sklearn/metrics/_regression.py:492: FutureWarning: 'squared' is deprecated in version 1.4 and will be removed in 1.6. To calculate the root mean squared error, use the function'root_mean_squared_error'.
  warnings.warn(
[I 2024-06-06 14:11:31,536] Trial 76 finished with value: 0.5638852565260968 and parameters: {'learning_rate': 0.00602406047581477, 'depth': 10, 'l2_leaf_reg': 0.03930699245764566, 'colsample_bylevel': 0.5659413476075101, 'min_data_in_leaf': 28}. Best is trial 52 with value: 0.5564074254399323.
/home/ai4062/.local/lib/python3.10/site-packages/sklearn/metrics/_regression.py:492: FutureWarning: 'squared' is deprecated in version 1.4 and will be removed in 1.6. To calculate the root mean squared error, use the function'root_mean_squared_error'.
  warnings.warn(
[I 2024-06-06 14:12:23,587] Trial 77 finished with value: 0.5633021438734898 and parameters: {'learning_rate': 0.007454117911347012, 'depth': 10, 'l2_leaf_reg': 0.016778844529840495, 'colsample_bylevel': 0.6041061148560622, 'min_data_in_leaf': 41}. Best is trial 52 with value: 0.5564074254399323.
/home/ai4062/.local/lib/python3.10/site-packages/sklearn/metrics/_regression.py:492: FutureWarning: 'squared' is deprecated in version 1.4 and will be removed in 1.6. To calculate the root mean squared error, use the function'root_mean_squared_error'.
  warnings.warn(
[I 2024-06-06 14:13:39,575] Trial 78 finished with value: 0.5643052505445133 and parameters: {'learning_rate': 0.009162226994059334, 'depth': 9, 'l2_leaf_reg': 0.026975897789220524, 'colsample_bylevel': 0.6873422333622956, 'min_data_in_leaf': 32}. Best is trial 52 with value: 0.5564074254399323.
/home/ai4062/.local/lib/python3.10/site-packages/sklearn/metrics/_regression.py:492: FutureWarning: 'squared' is deprecated in version 1.4 and will be removed in 1.6. To calculate the root mean squared error, use the function'root_mean_squared_error'.
  warnings.warn(
[I 2024-06-06 14:14:42,645] Trial 79 finished with value: 0.5602495307132905 and parameters: {'learning_rate': 0.031117902433838815, 'depth': 10, 'l2_leaf_reg': 0.014429478377546316, 'colsample_bylevel': 0.8201251037570791, 'min_data_in_leaf': 46}. Best is trial 52 with value: 0.5564074254399323.
/home/ai4062/.local/lib/python3.10/site-packages/sklearn/metrics/_regression.py:492: FutureWarning: 'squared' is deprecated in version 1.4 and will be removed in 1.6. To calculate the root mean squared error, use the function'root_mean_squared_error'.
  warnings.warn(
[I 2024-06-06 14:15:48,054] Trial 80 finished with value: 0.56289981674459 and parameters: {'learning_rate': 0.02699529700403885, 'depth': 10, 'l2_leaf_reg': 0.01332158561730506, 'colsample_bylevel': 0.9657537434986047, 'min_data_in_leaf': 83}. Best is trial 52 with value: 0.5564074254399323.
/home/ai4062/.local/lib/python3.10/site-packages/sklearn/metrics/_regression.py:492: FutureWarning: 'squared' is deprecated in version 1.4 and will be removed in 1.6. To calculate the root mean squared error, use the function'root_mean_squared_error'.
  warnings.warn(
[I 2024-06-06 14:16:49,654] Trial 81 finished with value: 0.5612084434799266 and parameters: {'learning_rate': 0.0339130669185535, 'depth': 10, 'l2_leaf_reg': 0.01427901445861075, 'colsample_bylevel': 0.8149988006806091, 'min_data_in_leaf': 45}. Best is trial 52 with value: 0.5564074254399323.
/home/ai4062/.local/lib/python3.10/site-packages/sklearn/metrics/_regression.py:492: FutureWarning: 'squared' is deprecated in version 1.4 and will be removed in 1.6. To calculate the root mean squared error, use the function'root_mean_squared_error'.
  warnings.warn(
[I 2024-06-06 14:17:55,419] Trial 82 finished with value: 0.5647394878876071 and parameters: {'learning_rate': 0.03146119155571709, 'depth': 10, 'l2_leaf_reg': 0.04648712995872345, 'colsample_bylevel': 0.9548603881681186, 'min_data_in_leaf': 54}. Best is trial 52 with value: 0.5564074254399323.
/home/ai4062/.local/lib/python3.10/site-packages/sklearn/metrics/_regression.py:492: FutureWarning: 'squared' is deprecated in version 1.4 and will be removed in 1.6. To calculate the root mean squared error, use the function'root_mean_squared_error'.
  warnings.warn(
[I 2024-06-06 14:18:48,988] Trial 83 finished with value: 0.5622426746011011 and parameters: {'learning_rate': 0.01088292626232366, 'depth': 10, 'l2_leaf_reg': 0.015186727326232422, 'colsample_bylevel': 0.6422042750537372, 'min_data_in_leaf': 50}. Best is trial 52 with value: 0.5564074254399323.
/home/ai4062/.local/lib/python3.10/site-packages/sklearn/metrics/_regression.py:492: FutureWarning: 'squared' is deprecated in version 1.4 and will be removed in 1.6. To calculate the root mean squared error, use the function'root_mean_squared_error'.
  warnings.warn(
[I 2024-06-06 14:19:46,453] Trial 84 finished with value: 0.5646554636708689 and parameters: {'learning_rate': 0.0366678313435473, 'depth': 10, 'l2_leaf_reg': 0.018331787691766455, 'colsample_bylevel': 0.7224104973279355, 'min_data_in_leaf': 59}. Best is trial 52 with value: 0.5564074254399323.
/home/ai4062/.local/lib/python3.10/site-packages/sklearn/metrics/_regression.py:492: FutureWarning: 'squared' is deprecated in version 1.4 and will be removed in 1.6. To calculate the root mean squared error, use the function'root_mean_squared_error'.
  warnings.warn(
[I 2024-06-06 14:19:54,089] Trial 85 finished with value: 0.5733727689161325 and parameters: {'learning_rate': 0.02454233013440107, 'depth': 6, 'l2_leaf_reg': 0.021527291445184747, 'colsample_bylevel': 0.5753678360823616, 'min_data_in_leaf': 98}. Best is trial 52 with value: 0.5564074254399323.
/home/ai4062/.local/lib/python3.10/site-packages/sklearn/metrics/_regression.py:492: FutureWarning: 'squared' is deprecated in version 1.4 and will be removed in 1.6. To calculate the root mean squared error, use the function'root_mean_squared_error'.
  warnings.warn(
[I 2024-06-06 14:21:07,188] Trial 86 finished with value: 0.5601925704165516 and parameters: {'learning_rate': 0.020287594504183864, 'depth': 9, 'l2_leaf_reg': 0.012377013652954863, 'colsample_bylevel': 0.7665045571256421, 'min_data_in_leaf': 18}. Best is trial 52 with value: 0.5564074254399323.
/home/ai4062/.local/lib/python3.10/site-packages/sklearn/metrics/_regression.py:492: FutureWarning: 'squared' is deprecated in version 1.4 and will be removed in 1.6. To calculate the root mean squared error, use the function'root_mean_squared_error'.
  warnings.warn(
[I 2024-06-06 14:22:20,534] Trial 87 finished with value: 0.5589858799701825 and parameters: {'learning_rate': 0.012732713880573393, 'depth': 9, 'l2_leaf_reg': 0.011734170615365939, 'colsample_bylevel': 0.7727742788091103, 'min_data_in_leaf': 18}. Best is trial 52 with value: 0.5564074254399323.
/home/ai4062/.local/lib/python3.10/site-packages/sklearn/metrics/_regression.py:492: FutureWarning: 'squared' is deprecated in version 1.4 and will be removed in 1.6. To calculate the root mean squared error, use the function'root_mean_squared_error'.
  warnings.warn(
[I 2024-06-06 14:23:06,860] Trial 88 finished with value: 0.5623010531993552 and parameters: {'learning_rate': 0.012817100060564916, 'depth': 8, 'l2_leaf_reg': 0.010340250691564367, 'colsample_bylevel': 0.7618194065293161, 'min_data_in_leaf': 13}. Best is trial 52 with value: 0.5564074254399323.
/home/ai4062/.local/lib/python3.10/site-packages/sklearn/metrics/_regression.py:492: FutureWarning: 'squared' is deprecated in version 1.4 and will be removed in 1.6. To calculate the root mean squared error, use the function'root_mean_squared_error'.
  warnings.warn(
[I 2024-06-06 14:24:18,972] Trial 89 finished with value: 0.5596010026622259 and parameters: {'learning_rate': 0.018153932668696433, 'depth': 9, 'l2_leaf_reg': 0.01144073662069977, 'colsample_bylevel': 0.788665354878976, 'min_data_in_leaf': 19}. Best is trial 52 with value: 0.5564074254399323.
/home/ai4062/.local/lib/python3.10/site-packages/sklearn/metrics/_regression.py:492: FutureWarning: 'squared' is deprecated in version 1.4 and will be removed in 1.6. To calculate the root mean squared error, use the function'root_mean_squared_error'.
  warnings.warn(
[I 2024-06-06 14:25:23,881] Trial 90 finished with value: 0.5617793727688258 and parameters: {'learning_rate': 0.015671210912114954, 'depth': 9, 'l2_leaf_reg': 0.011031314160083384, 'colsample_bylevel': 0.8889476921058153, 'min_data_in_leaf': 5}. Best is trial 52 with value: 0.5564074254399323.
/home/ai4062/.local/lib/python3.10/site-packages/sklearn/metrics/_regression.py:492: FutureWarning: 'squared' is deprecated in version 1.4 and will be removed in 1.6. To calculate the root mean squared error, use the function'root_mean_squared_error'.
  warnings.warn(
[I 2024-06-06 14:26:37,300] Trial 91 finished with value: 0.5619506652763732 and parameters: {'learning_rate': 0.01836679812286838, 'depth': 9, 'l2_leaf_reg': 0.011953548096052511, 'colsample_bylevel': 0.7646662177663928, 'min_data_in_leaf': 19}. Best is trial 52 with value: 0.5564074254399323.
/home/ai4062/.local/lib/python3.10/site-packages/sklearn/metrics/_regression.py:492: FutureWarning: 'squared' is deprecated in version 1.4 and will be removed in 1.6. To calculate the root mean squared error, use the function'root_mean_squared_error'.
  warnings.warn(
[I 2024-06-06 14:27:50,457] Trial 92 finished with value: 0.5650483867450844 and parameters: {'learning_rate': 0.021328677461282124, 'depth': 9, 'l2_leaf_reg': 0.012838062123668354, 'colsample_bylevel': 0.7855463820416695, 'min_data_in_leaf': 9}. Best is trial 52 with value: 0.5564074254399323.
/home/ai4062/.local/lib/python3.10/site-packages/sklearn/metrics/_regression.py:492: FutureWarning: 'squared' is deprecated in version 1.4 and will be removed in 1.6. To calculate the root mean squared error, use the function'root_mean_squared_error'.
  warnings.warn(
[I 2024-06-06 14:28:38,362] Trial 93 finished with value: 0.5670406864140665 and parameters: {'learning_rate': 0.010645308669857873, 'depth': 8, 'l2_leaf_reg': 0.012398647334266195, 'colsample_bylevel': 0.7039858716753269, 'min_data_in_leaf': 23}. Best is trial 52 with value: 0.5564074254399323.
/home/ai4062/.local/lib/python3.10/site-packages/sklearn/metrics/_regression.py:492: FutureWarning: 'squared' is deprecated in version 1.4 and will be removed in 1.6. To calculate the root mean squared error, use the function'root_mean_squared_error'.
  warnings.warn(
[I 2024-06-06 14:29:57,134] Trial 94 finished with value: 0.5572027678033519 and parameters: {'learning_rate': 0.01938593009743633, 'depth': 9, 'l2_leaf_reg': 0.010747298377521749, 'colsample_bylevel': 0.6506695630685297, 'min_data_in_leaf': 14}. Best is trial 52 with value: 0.5564074254399323.
/home/ai4062/.local/lib/python3.10/site-packages/sklearn/metrics/_regression.py:492: FutureWarning: 'squared' is deprecated in version 1.4 and will be removed in 1.6. To calculate the root mean squared error, use the function'root_mean_squared_error'.
  warnings.warn(
[I 2024-06-06 14:31:13,688] Trial 95 finished with value: 0.5623846229515465 and parameters: {'learning_rate': 0.01462208037526864, 'depth': 9, 'l2_leaf_reg': 0.01082241576782709, 'colsample_bylevel': 0.6619627614411929, 'min_data_in_leaf': 11}. Best is trial 52 with value: 0.5564074254399323.
/home/ai4062/.local/lib/python3.10/site-packages/sklearn/metrics/_regression.py:492: FutureWarning: 'squared' is deprecated in version 1.4 and will be removed in 1.6. To calculate the root mean squared error, use the function'root_mean_squared_error'.
  warnings.warn(
[I 2024-06-06 14:31:19,013] Trial 96 finished with value: 0.592022807656693 and parameters: {'learning_rate': 0.008662344511060523, 'depth': 4, 'l2_leaf_reg': 0.011767723881426984, 'colsample_bylevel': 0.6260393906338035, 'min_data_in_leaf': 15}. Best is trial 52 with value: 0.5564074254399323.
/home/ai4062/.local/lib/python3.10/site-packages/sklearn/metrics/_regression.py:492: FutureWarning: 'squared' is deprecated in version 1.4 and will be removed in 1.6. To calculate the root mean squared error, use the function'root_mean_squared_error'.
  warnings.warn(
[I 2024-06-06 14:32:11,189] Trial 97 finished with value: 0.5959200075544265 and parameters: {'learning_rate': 0.0014447845213233902, 'depth': 10, 'l2_leaf_reg': 0.01056382095820618, 'colsample_bylevel': 0.6075203921261942, 'min_data_in_leaf': 21}. Best is trial 52 with value: 0.5564074254399323.
/home/ai4062/.local/lib/python3.10/site-packages/sklearn/metrics/_regression.py:492: FutureWarning: 'squared' is deprecated in version 1.4 and will be removed in 1.6. To calculate the root mean squared error, use the function'root_mean_squared_error'.
  warnings.warn(
[I 2024-06-06 14:32:30,306] Trial 98 finished with value: 0.5642212258349972 and parameters: {'learning_rate': 0.01599408050888881, 'depth': 7, 'l2_leaf_reg': 0.01152078225891954, 'colsample_bylevel': 0.7422920634807627, 'min_data_in_leaf': 25}. Best is trial 52 with value: 0.5564074254399323.
/home/ai4062/.local/lib/python3.10/site-packages/sklearn/metrics/_regression.py:492: FutureWarning: 'squared' is deprecated in version 1.4 and will be removed in 1.6. To calculate the root mean squared error, use the function'root_mean_squared_error'.
  warnings.warn(
[I 2024-06-06 14:33:19,770] Trial 99 finished with value: 0.5642460585716843 and parameters: {'learning_rate': 0.013227645448099184, 'depth': 8, 'l2_leaf_reg': 0.013829215937394834, 'colsample_bylevel': 0.6515423880195077, 'min_data_in_leaf': 7}. Best is trial 52 with value: 0.5564074254399323.
Best hyperparameters: {'learning_rate': 0.027115288423799528, 'depth': 10, 'l2_leaf_reg': 0.01569551387044925, 'colsample_bylevel': 0.6038935914829812, 'min_data_in_leaf': 20}
Best RMSE: 0.5564074254399323
