Running "module reset". Resetting modules to system default. The following $MODULEPATH directories have been removed: None
/lustrefs/disk/project/lt900293-ai24th/Optuna/optuna_a.py:121: PerformanceWarning: DataFrame is highly fragmented.  This is usually the result of calling `frame.insert` many times, which has poor performance.  Consider joining all columns at once using pd.concat(axis=1) instead. To get a de-fragmented frame, use `newframe = frame.copy()`
  train_df['Normalized Difference Green/Red'] = (b3 - b4) / (b3 + b4)
/lustrefs/disk/project/lt900293-ai24th/Optuna/optuna_a.py:122: PerformanceWarning: DataFrame is highly fragmented.  This is usually the result of calling `frame.insert` many times, which has poor performance.  Consider joining all columns at once using pd.concat(axis=1) instead. To get a de-fragmented frame, use `newframe = frame.copy()`
  train_df['Normalized Difference NIR/Blue'] = (b8 - b2) / (b8 + b2)
/lustrefs/disk/project/lt900293-ai24th/Optuna/optuna_a.py:123: PerformanceWarning: DataFrame is highly fragmented.  This is usually the result of calling `frame.insert` many times, which has poor performance.  Consider joining all columns at once using pd.concat(axis=1) instead. To get a de-fragmented frame, use `newframe = frame.copy()`
  train_df['Normalized Difference NIR/Green'] = (b8 - b3) / (b8 + b3)
/lustrefs/disk/project/lt900293-ai24th/Optuna/optuna_a.py:124: PerformanceWarning: DataFrame is highly fragmented.  This is usually the result of calling `frame.insert` many times, which has poor performance.  Consider joining all columns at once using pd.concat(axis=1) instead. To get a de-fragmented frame, use `newframe = frame.copy()`
  train_df['Normalized Difference NIR/Red'] = (b8 - b4) / (b8 + b4)
/lustrefs/disk/project/lt900293-ai24th/Optuna/optuna_a.py:125: PerformanceWarning: DataFrame is highly fragmented.  This is usually the result of calling `frame.insert` many times, which has poor performance.  Consider joining all columns at once using pd.concat(axis=1) instead. To get a de-fragmented frame, use `newframe = frame.copy()`
  train_df['Normalized Difference NIR/Rededge'] = (b8 - b5) / (b8 + b5)
/lustrefs/disk/project/lt900293-ai24th/Optuna/optuna_a.py:126: PerformanceWarning: DataFrame is highly fragmented.  This is usually the result of calling `frame.insert` many times, which has poor performance.  Consider joining all columns at once using pd.concat(axis=1) instead. To get a de-fragmented frame, use `newframe = frame.copy()`
  train_df['Normalized Difference Red/Green'] = (b4 - b3) / (b4 + b3)
/lustrefs/disk/project/lt900293-ai24th/Optuna/optuna_a.py:127: PerformanceWarning: DataFrame is highly fragmented.  This is usually the result of calling `frame.insert` many times, which has poor performance.  Consider joining all columns at once using pd.concat(axis=1) instead. To get a de-fragmented frame, use `newframe = frame.copy()`
  train_df['Normalized Difference Salinity Index'] = (b11 - b12) / (b11 + b12)
/lustrefs/disk/project/lt900293-ai24th/Optuna/optuna_a.py:128: PerformanceWarning: DataFrame is highly fragmented.  This is usually the result of calling `frame.insert` many times, which has poor performance.  Consider joining all columns at once using pd.concat(axis=1) instead. To get a de-fragmented frame, use `newframe = frame.copy()`
  train_df['Normalized Difference Vegetation Index 690-710'] = (b8 - b5) / (b8 + b5)
/lustrefs/disk/project/lt900293-ai24th/Optuna/optuna_a.py:129: PerformanceWarning: DataFrame is highly fragmented.  This is usually the result of calling `frame.insert` many times, which has poor performance.  Consider joining all columns at once using pd.concat(axis=1) instead. To get a de-fragmented frame, use `newframe = frame.copy()`
  train_df['Optimized Soil Adjusted Vegetation Index'] = (1 + 0.16) * (b8 - b4) / (b8 + b4 + 0.16)
/lustrefs/disk/project/lt900293-ai24th/Optuna/optuna_a.py:130: PerformanceWarning: DataFrame is highly fragmented.  This is usually the result of calling `frame.insert` many times, which has poor performance.  Consider joining all columns at once using pd.concat(axis=1) instead. To get a de-fragmented frame, use `newframe = frame.copy()`
  train_df['Pan NDVI'] = (b8 - (b3 + b4 + b2)) / (b8 + (b3 + b4 + b2))
/lustrefs/disk/project/lt900293-ai24th/Optuna/optuna_a.py:131: PerformanceWarning: DataFrame is highly fragmented.  This is usually the result of calling `frame.insert` many times, which has poor performance.  Consider joining all columns at once using pd.concat(axis=1) instead. To get a de-fragmented frame, use `newframe = frame.copy()`
  train_df['RDVI'] = (b8 - b4) / ((b8 + b4).pow(0.5))
/lustrefs/disk/project/lt900293-ai24th/Optuna/optuna_a.py:132: PerformanceWarning: DataFrame is highly fragmented.  This is usually the result of calling `frame.insert` many times, which has poor performance.  Consider joining all columns at once using pd.concat(axis=1) instead. To get a de-fragmented frame, use `newframe = frame.copy()`
  train_df['RDVI2'] = (b8 - b4) / ((b8 + b4).pow(0.5))
/lustrefs/disk/project/lt900293-ai24th/Optuna/optuna_a.py:133: PerformanceWarning: DataFrame is highly fragmented.  This is usually the result of calling `frame.insert` many times, which has poor performance.  Consider joining all columns at once using pd.concat(axis=1) instead. To get a de-fragmented frame, use `newframe = frame.copy()`
  train_df['Red edge 1'] = b5 / b4
/lustrefs/disk/project/lt900293-ai24th/Optuna/optuna_a.py:134: PerformanceWarning: DataFrame is highly fragmented.  This is usually the result of calling `frame.insert` many times, which has poor performance.  Consider joining all columns at once using pd.concat(axis=1) instead. To get a de-fragmented frame, use `newframe = frame.copy()`
  train_df['Red edge 2'] = (b5 - b4) / (b5 + b4)
/lustrefs/disk/project/lt900293-ai24th/Optuna/optuna_a.py:135: PerformanceWarning: DataFrame is highly fragmented.  This is usually the result of calling `frame.insert` many times, which has poor performance.  Consider joining all columns at once using pd.concat(axis=1) instead. To get a de-fragmented frame, use `newframe = frame.copy()`
  train_df['Red-Blue NDVI'] = (b8 - (b4 + b2)) / (b8 + (b4 + b2))
/lustrefs/disk/project/lt900293-ai24th/Optuna/optuna_a.py:136: PerformanceWarning: DataFrame is highly fragmented.  This is usually the result of calling `frame.insert` many times, which has poor performance.  Consider joining all columns at once using pd.concat(axis=1) instead. To get a de-fragmented frame, use `newframe = frame.copy()`
  train_df['Red-Edge Inflection Point 1'] = 700 + 40 * ((((b4 + b7) / 2) - b5) / (b6 - b5))
/lustrefs/disk/project/lt900293-ai24th/Optuna/optuna_a.py:137: PerformanceWarning: DataFrame is highly fragmented.  This is usually the result of calling `frame.insert` many times, which has poor performance.  Consider joining all columns at once using pd.concat(axis=1) instead. To get a de-fragmented frame, use `newframe = frame.copy()`
  train_df['Red-Edge Inflection Point 2'] = 702 + 40 * ((((b4 + b7) / 2) - b5) / (b6 - b5))
/lustrefs/disk/project/lt900293-ai24th/Optuna/optuna_a.py:138: PerformanceWarning: DataFrame is highly fragmented.  This is usually the result of calling `frame.insert` many times, which has poor performance.  Consider joining all columns at once using pd.concat(axis=1) instead. To get a de-fragmented frame, use `newframe = frame.copy()`
  train_df['Red-Edge Inflection Point 3'] = 705 + 35 * ((((b4 + b7) / 2) - b5) / (b6 - b5))
/lustrefs/disk/project/lt900293-ai24th/Optuna/optuna_a.py:139: PerformanceWarning: DataFrame is highly fragmented.  This is usually the result of calling `frame.insert` many times, which has poor performance.  Consider joining all columns at once using pd.concat(axis=1) instead. To get a de-fragmented frame, use `newframe = frame.copy()`
  train_df['Red-Edge Position Linear Interpolation'] = 700 + 40 * ((((b4 + b7) / 2) - b5) / (b6 - b5))
/lustrefs/disk/project/lt900293-ai24th/Optuna/optuna_a.py:140: PerformanceWarning: DataFrame is highly fragmented.  This is usually the result of calling `frame.insert` many times, which has poor performance.  Consider joining all columns at once using pd.concat(axis=1) instead. To get a de-fragmented frame, use `newframe = frame.copy()`
  train_df['Reflectance at the inflexion point'] = (b4 + b7) / 2
/lustrefs/disk/project/lt900293-ai24th/Optuna/optuna_a.py:141: PerformanceWarning: DataFrame is highly fragmented.  This is usually the result of calling `frame.insert` many times, which has poor performance.  Consider joining all columns at once using pd.concat(axis=1) instead. To get a de-fragmented frame, use `newframe = frame.copy()`
  train_df['Renormalized Difference Vegetation Index'] = (b8 - b4) / ((b8 + b4).pow(0.5))
/lustrefs/disk/project/lt900293-ai24th/Optuna/optuna_a.py:142: PerformanceWarning: DataFrame is highly fragmented.  This is usually the result of calling `frame.insert` many times, which has poor performance.  Consider joining all columns at once using pd.concat(axis=1) instead. To get a de-fragmented frame, use `newframe = frame.copy()`
  train_df['Simple Ratio 1600/820'] = b11 / b8
/lustrefs/disk/project/lt900293-ai24th/Optuna/optuna_a.py:143: PerformanceWarning: DataFrame is highly fragmented.  This is usually the result of calling `frame.insert` many times, which has poor performance.  Consider joining all columns at once using pd.concat(axis=1) instead. To get a de-fragmented frame, use `newframe = frame.copy()`
  train_df['Simple Ratio 1650/2218'] = b11 / b12
/lustrefs/disk/project/lt900293-ai24th/Optuna/optuna_a.py:144: PerformanceWarning: DataFrame is highly fragmented.  This is usually the result of calling `frame.insert` many times, which has poor performance.  Consider joining all columns at once using pd.concat(axis=1) instead. To get a de-fragmented frame, use `newframe = frame.copy()`
  train_df['Simple Ratio 440/740'] = b1 / b6
/lustrefs/disk/project/lt900293-ai24th/Optuna/optuna_a.py:145: PerformanceWarning: DataFrame is highly fragmented.  This is usually the result of calling `frame.insert` many times, which has poor performance.  Consider joining all columns at once using pd.concat(axis=1) instead. To get a de-fragmented frame, use `newframe = frame.copy()`
  train_df['Simple Ratio 450/550'] = b1 / b3
/lustrefs/disk/project/lt900293-ai24th/Optuna/optuna_a.py:146: PerformanceWarning: DataFrame is highly fragmented.  This is usually the result of calling `frame.insert` many times, which has poor performance.  Consider joining all columns at once using pd.concat(axis=1) instead. To get a de-fragmented frame, use `newframe = frame.copy()`
  train_df['Simple Ratio 520/670'] = b2 / b4
/lustrefs/disk/project/lt900293-ai24th/Optuna/optuna_a.py:147: PerformanceWarning: DataFrame is highly fragmented.  This is usually the result of calling `frame.insert` many times, which has poor performance.  Consider joining all columns at once using pd.concat(axis=1) instead. To get a de-fragmented frame, use `newframe = frame.copy()`
  train_df['Simple Ratio 550/800'] = b3 / b8
/lustrefs/disk/project/lt900293-ai24th/Optuna/optuna_a.py:148: PerformanceWarning: DataFrame is highly fragmented.  This is usually the result of calling `frame.insert` many times, which has poor performance.  Consider joining all columns at once using pd.concat(axis=1) instead. To get a de-fragmented frame, use `newframe = frame.copy()`
  train_df['Simple Ratio 560/658'] = b3 / b4
/lustrefs/disk/project/lt900293-ai24th/Optuna/optuna_a.py:149: PerformanceWarning: DataFrame is highly fragmented.  This is usually the result of calling `frame.insert` many times, which has poor performance.  Consider joining all columns at once using pd.concat(axis=1) instead. To get a de-fragmented frame, use `newframe = frame.copy()`
  train_df['Simple Ratio 675/555'] = b4 / b3
/lustrefs/disk/project/lt900293-ai24th/Optuna/optuna_a.py:150: PerformanceWarning: DataFrame is highly fragmented.  This is usually the result of calling `frame.insert` many times, which has poor performance.  Consider joining all columns at once using pd.concat(axis=1) instead. To get a de-fragmented frame, use `newframe = frame.copy()`
  train_df['Simple Ratio 675/705'] = b4 / b5
/lustrefs/disk/project/lt900293-ai24th/Optuna/optuna_a.py:151: PerformanceWarning: DataFrame is highly fragmented.  This is usually the result of calling `frame.insert` many times, which has poor performance.  Consider joining all columns at once using pd.concat(axis=1) instead. To get a de-fragmented frame, use `newframe = frame.copy()`
  train_df['Simple Ratio 700'] = 1 / b5
/lustrefs/disk/project/lt900293-ai24th/Optuna/optuna_a.py:152: PerformanceWarning: DataFrame is highly fragmented.  This is usually the result of calling `frame.insert` many times, which has poor performance.  Consider joining all columns at once using pd.concat(axis=1) instead. To get a de-fragmented frame, use `newframe = frame.copy()`
  train_df['Simple Ratio 710/670'] = b5 / b4
/lustrefs/disk/project/lt900293-ai24th/Optuna/optuna_a.py:153: PerformanceWarning: DataFrame is highly fragmented.  This is usually the result of calling `frame.insert` many times, which has poor performance.  Consider joining all columns at once using pd.concat(axis=1) instead. To get a de-fragmented frame, use `newframe = frame.copy()`
  train_df['Simple Ratio 735/710'] = b6 / b5
/lustrefs/disk/project/lt900293-ai24th/Optuna/optuna_a.py:154: PerformanceWarning: DataFrame is highly fragmented.  This is usually the result of calling `frame.insert` many times, which has poor performance.  Consider joining all columns at once using pd.concat(axis=1) instead. To get a de-fragmented frame, use `newframe = frame.copy()`
  train_df['Simple Ratio 774/677'] = b7 / b4
/lustrefs/disk/project/lt900293-ai24th/Optuna/optuna_a.py:155: PerformanceWarning: DataFrame is highly fragmented.  This is usually the result of calling `frame.insert` many times, which has poor performance.  Consider joining all columns at once using pd.concat(axis=1) instead. To get a de-fragmented frame, use `newframe = frame.copy()`
  train_df['Simple Ratio 800/2170'] = b8 / b12
/lustrefs/disk/project/lt900293-ai24th/Optuna/optuna_a.py:156: PerformanceWarning: DataFrame is highly fragmented.  This is usually the result of calling `frame.insert` many times, which has poor performance.  Consider joining all columns at once using pd.concat(axis=1) instead. To get a de-fragmented frame, use `newframe = frame.copy()`
  train_df['Simple Ratio 800/500'] = b8 / b2
/lustrefs/disk/project/lt900293-ai24th/Optuna/optuna_a.py:157: PerformanceWarning: DataFrame is highly fragmented.  This is usually the result of calling `frame.insert` many times, which has poor performance.  Consider joining all columns at once using pd.concat(axis=1) instead. To get a de-fragmented frame, use `newframe = frame.copy()`
  train_df['Simple Ratio 810/560'] = b8 / b3
/lustrefs/disk/project/lt900293-ai24th/Optuna/optuna_a.py:158: PerformanceWarning: DataFrame is highly fragmented.  This is usually the result of calling `frame.insert` many times, which has poor performance.  Consider joining all columns at once using pd.concat(axis=1) instead. To get a de-fragmented frame, use `newframe = frame.copy()`
  train_df['Simple Ratio 833/1649'] = b8 / b11
/lustrefs/disk/project/lt900293-ai24th/Optuna/optuna_a.py:159: PerformanceWarning: DataFrame is highly fragmented.  This is usually the result of calling `frame.insert` many times, which has poor performance.  Consider joining all columns at once using pd.concat(axis=1) instead. To get a de-fragmented frame, use `newframe = frame.copy()`
  train_df['Simple Ratio 833/658'] = b8 / b4
/lustrefs/disk/project/lt900293-ai24th/Optuna/optuna_a.py:160: PerformanceWarning: DataFrame is highly fragmented.  This is usually the result of calling `frame.insert` many times, which has poor performance.  Consider joining all columns at once using pd.concat(axis=1) instead. To get a de-fragmented frame, use `newframe = frame.copy()`
  train_df['Simple Ratio 850/710'] = b8 / b5
/lustrefs/disk/project/lt900293-ai24th/Optuna/optuna_a.py:161: PerformanceWarning: DataFrame is highly fragmented.  This is usually the result of calling `frame.insert` many times, which has poor performance.  Consider joining all columns at once using pd.concat(axis=1) instead. To get a de-fragmented frame, use `newframe = frame.copy()`
  train_df['Simple Ratio 860/550'] = b8a / b3
/lustrefs/disk/project/lt900293-ai24th/Optuna/optuna_a.py:162: PerformanceWarning: DataFrame is highly fragmented.  This is usually the result of calling `frame.insert` many times, which has poor performance.  Consider joining all columns at once using pd.concat(axis=1) instead. To get a de-fragmented frame, use `newframe = frame.copy()`
  train_df['Simple Ratio 860/708'] = b8a / b5
/lustrefs/disk/project/lt900293-ai24th/Optuna/optuna_a.py:163: PerformanceWarning: DataFrame is highly fragmented.  This is usually the result of calling `frame.insert` many times, which has poor performance.  Consider joining all columns at once using pd.concat(axis=1) instead. To get a de-fragmented frame, use `newframe = frame.copy()`
  train_df['Simple Ratio NIR/700-715'] = b8 / b5
/lustrefs/disk/project/lt900293-ai24th/Optuna/optuna_a.py:164: PerformanceWarning: DataFrame is highly fragmented.  This is usually the result of calling `frame.insert` many times, which has poor performance.  Consider joining all columns at once using pd.concat(axis=1) instead. To get a de-fragmented frame, use `newframe = frame.copy()`
  train_df['Simple Ratio NIR/G'] = b8 / b3
/lustrefs/disk/project/lt900293-ai24th/Optuna/optuna_a.py:165: PerformanceWarning: DataFrame is highly fragmented.  This is usually the result of calling `frame.insert` many times, which has poor performance.  Consider joining all columns at once using pd.concat(axis=1) instead. To get a de-fragmented frame, use `newframe = frame.copy()`
  train_df['Simple Ratio NIR/RED'] = b8 / b4
/lustrefs/disk/project/lt900293-ai24th/Optuna/optuna_a.py:166: PerformanceWarning: DataFrame is highly fragmented.  This is usually the result of calling `frame.insert` many times, which has poor performance.  Consider joining all columns at once using pd.concat(axis=1) instead. To get a de-fragmented frame, use `newframe = frame.copy()`
  train_df['Simple Ratio NIR/Rededge'] = b8 / b5
/lustrefs/disk/project/lt900293-ai24th/Optuna/optuna_a.py:167: PerformanceWarning: DataFrame is highly fragmented.  This is usually the result of calling `frame.insert` many times, which has poor performance.  Consider joining all columns at once using pd.concat(axis=1) instead. To get a de-fragmented frame, use `newframe = frame.copy()`
  train_df['Simple Ratio Red/Blue'] = b4 / b2
/lustrefs/disk/project/lt900293-ai24th/Optuna/optuna_a.py:168: PerformanceWarning: DataFrame is highly fragmented.  This is usually the result of calling `frame.insert` many times, which has poor performance.  Consider joining all columns at once using pd.concat(axis=1) instead. To get a de-fragmented frame, use `newframe = frame.copy()`
  train_df['Simple Ratio Red/Green'] = b4 / b3
/lustrefs/disk/project/lt900293-ai24th/Optuna/optuna_a.py:169: PerformanceWarning: DataFrame is highly fragmented.  This is usually the result of calling `frame.insert` many times, which has poor performance.  Consider joining all columns at once using pd.concat(axis=1) instead. To get a de-fragmented frame, use `newframe = frame.copy()`
  train_df['Simple Ratio Red/NIR'] = b4 / b8
/lustrefs/disk/project/lt900293-ai24th/Optuna/optuna_a.py:170: PerformanceWarning: DataFrame is highly fragmented.  This is usually the result of calling `frame.insert` many times, which has poor performance.  Consider joining all columns at once using pd.concat(axis=1) instead. To get a de-fragmented frame, use `newframe = frame.copy()`
  train_df['Soil Adjusted Vegetation Index'] = (b8 - b4) / (b8 + b4 + 0.48) * (1 + 0.48)
/lustrefs/disk/project/lt900293-ai24th/Optuna/optuna_a.py:171: PerformanceWarning: DataFrame is highly fragmented.  This is usually the result of calling `frame.insert` many times, which has poor performance.  Consider joining all columns at once using pd.concat(axis=1) instead. To get a de-fragmented frame, use `newframe = frame.copy()`
  train_df['SQRT(IR/R)'] = (b8 / b4).pow(0.5)
/lustrefs/disk/project/lt900293-ai24th/Optuna/optuna_a.py:172: PerformanceWarning: DataFrame is highly fragmented.  This is usually the result of calling `frame.insert` many times, which has poor performance.  Consider joining all columns at once using pd.concat(axis=1) instead. To get a de-fragmented frame, use `newframe = frame.copy()`
  train_df['Structure Intensive Pigment Index 1'] = (b8 - b1) / (b8 - b4)
/lustrefs/disk/project/lt900293-ai24th/Optuna/optuna_a.py:173: PerformanceWarning: DataFrame is highly fragmented.  This is usually the result of calling `frame.insert` many times, which has poor performance.  Consider joining all columns at once using pd.concat(axis=1) instead. To get a de-fragmented frame, use `newframe = frame.copy()`
  train_df['Structure Intensive Pigment Index 3'] = (b8 - b2) / (b8 - b4)
/lustrefs/disk/project/lt900293-ai24th/Optuna/optuna_a.py:174: PerformanceWarning: DataFrame is highly fragmented.  This is usually the result of calling `frame.insert` many times, which has poor performance.  Consider joining all columns at once using pd.concat(axis=1) instead. To get a de-fragmented frame, use `newframe = frame.copy()`
  train_df['TCARI/OSAVI'] = (3 * ((b5 - b4) - (0.2 * (b5 - b3) * (b5 / b4)))) / ((1 + 0.16) * ((b8 - b4)/(b8 + b4 + 0.16)))
/lustrefs/disk/project/lt900293-ai24th/Optuna/optuna_a.py:175: PerformanceWarning: DataFrame is highly fragmented.  This is usually the result of calling `frame.insert` many times, which has poor performance.  Consider joining all columns at once using pd.concat(axis=1) instead. To get a