[I 2024-06-06 13:37:30,717] Trial 37 finished with value: 0.562803811020277 and parameters: {'learning_rate': 0.009971214062232768, 'depth': 9, 'l2_leaf_reg': 0.05744424819047767, 'colsample_bylevel': 0.32080149579002626, 'min_data_in_leaf': 43}. Best is trial 21 with value: 0.5585488503225968.
/home/ai4062/.local/lib/python3.10/site-packages/sklearn/metrics/_regression.py:492: FutureWarning: 'squared' is deprecated in version 1.4 and will be removed in 1.6. To calculate the root mean squared error, use the function'root_mean_squared_error'.
  warnings.warn(
[I 2024-06-06 13:38:34,805] Trial 38 finished with value: 0.5651735331247184 and parameters: {'learning_rate': 0.01639387369559563, 'depth': 10, 'l2_leaf_reg': 0.04268553705059117, 'colsample_bylevel': 0.7643394270748396, 'min_data_in_leaf': 64}. Best is trial 21 with value: 0.5585488503225968.
/home/ai4062/.local/lib/python3.10/site-packages/sklearn/metrics/_regression.py:492: FutureWarning: 'squared' is deprecated in version 1.4 and will be removed in 1.6. To calculate the root mean squared error, use the function'root_mean_squared_error'.
  warnings.warn(
[I 2024-06-06 13:38:39,443] Trial 39 finished with value: 0.6242457666622945 and parameters: {'learning_rate': 0.0532475952044841, 'depth': 1, 'l2_leaf_reg': 0.07341994058664933, 'colsample_bylevel': 0.6919089572197306, 'min_data_in_leaf': 87}. Best is trial 21 with value: 0.5585488503225968.
/home/ai4062/.local/lib/python3.10/site-packages/sklearn/metrics/_regression.py:492: FutureWarning: 'squared' is deprecated in version 1.4 and will be removed in 1.6. To calculate the root mean squared error, use the function'root_mean_squared_error'.
  warnings.warn(
[I 2024-06-06 13:39:31,807] Trial 40 finished with value: 0.5647771548257919 and parameters: {'learning_rate': 0.012217636742241337, 'depth': 8, 'l2_leaf_reg': 0.014450857039157607, 'colsample_bylevel': 0.5642378813773332, 'min_data_in_leaf': 51}. Best is trial 21 with value: 0.5585488503225968.
/home/ai4062/.local/lib/python3.10/site-packages/sklearn/metrics/_regression.py:492: FutureWarning: 'squared' is deprecated in version 1.4 and will be removed in 1.6. To calculate the root mean squared error, use the function'root_mean_squared_error'.
  warnings.warn(
[I 2024-06-06 13:40:17,379] Trial 41 finished with value: 0.5627446301585206 and parameters: {'learning_rate': 0.02566242414371322, 'depth': 10, 'l2_leaf_reg': 0.026110760354039676, 'colsample_bylevel': 0.4951299799567268, 'min_data_in_leaf': 31}. Best is trial 21 with value: 0.5585488503225968.
/home/ai4062/.local/lib/python3.10/site-packages/sklearn/metrics/_regression.py:492: FutureWarning: 'squared' is deprecated in version 1.4 and will be removed in 1.6. To calculate the root mean squared error, use the function'root_mean_squared_error'.
  warnings.warn(
[I 2024-06-06 13:41:02,682] Trial 42 finished with value: 0.5690702437778383 and parameters: {'learning_rate': 0.041609306520159865, 'depth': 10, 'l2_leaf_reg': 0.03380632072168126, 'colsample_bylevel': 0.507262116741542, 'min_data_in_leaf': 20}. Best is trial 21 with value: 0.5585488503225968.
/home/ai4062/.local/lib/python3.10/site-packages/sklearn/metrics/_regression.py:492: FutureWarning: 'squared' is deprecated in version 1.4 and will be removed in 1.6. To calculate the root mean squared error, use the function'root_mean_squared_error'.
  warnings.warn(
[I 2024-06-06 13:42:11,148] Trial 43 finished with value: 0.563560911938165 and parameters: {'learning_rate': 0.02878553715605992, 'depth': 9, 'l2_leaf_reg': 0.0513401664420242, 'colsample_bylevel': 0.40044945671554766, 'min_data_in_leaf': 9}. Best is trial 21 with value: 0.5585488503225968.
/home/ai4062/.local/lib/python3.10/site-packages/sklearn/metrics/_regression.py:492: FutureWarning: 'squared' is deprecated in version 1.4 and will be removed in 1.6. To calculate the root mean squared error, use the function'root_mean_squared_error'.
  warnings.warn(
[I 2024-06-06 13:43:06,168] Trial 44 finished with value: 0.5654658466134804 and parameters: {'learning_rate': 0.021352254655889833, 'depth': 10, 'l2_leaf_reg': 0.01015969622303512, 'colsample_bylevel': 0.6758151681776895, 'min_data_in_leaf': 39}. Best is trial 21 with value: 0.5585488503225968.
/home/ai4062/.local/lib/python3.10/site-packages/sklearn/metrics/_regression.py:492: FutureWarning: 'squared' is deprecated in version 1.4 and will be removed in 1.6. To calculate the root mean squared error, use the function'root_mean_squared_error'.
  warnings.warn(
[I 2024-06-06 13:43:58,084] Trial 45 finished with value: 0.5632046274658915 and parameters: {'learning_rate': 0.017366312020183027, 'depth': 10, 'l2_leaf_reg': 0.012098418684167882, 'colsample_bylevel': 0.6187215619313942, 'min_data_in_leaf': 45}. Best is trial 21 with value: 0.5585488503225968.
/home/ai4062/.local/lib/python3.10/site-packages/sklearn/metrics/_regression.py:492: FutureWarning: 'squared' is deprecated in version 1.4 and will be removed in 1.6. To calculate the root mean squared error, use the function'root_mean_squared_error'.
  warnings.warn(
[I 2024-06-06 13:45:05,893] Trial 46 finished with value: 0.5655753208773179 and parameters: {'learning_rate': 0.006546705434788332, 'depth': 9, 'l2_leaf_reg': 0.0280523177124197, 'colsample_bylevel': 0.8699244810977016, 'min_data_in_leaf': 31}. Best is trial 21 with value: 0.5585488503225968.
/home/ai4062/.local/lib/python3.10/site-packages/sklearn/metrics/_regression.py:492: FutureWarning: 'squared' is deprecated in version 1.4 and will be removed in 1.6. To calculate the root mean squared error, use the function'root_mean_squared_error'.
  warnings.warn(
[I 2024-06-06 13:45:53,555] Trial 47 finished with value: 0.5586959251361144 and parameters: {'learning_rate': 0.03558209810902304, 'depth': 10, 'l2_leaf_reg': 0.02222248298516128, 'colsample_bylevel': 0.5459097873352621, 'min_data_in_leaf': 22}. Best is trial 21 with value: 0.5585488503225968.
/home/ai4062/.local/lib/python3.10/site-packages/sklearn/metrics/_regression.py:492: FutureWarning: 'squared' is deprecated in version 1.4 and will be removed in 1.6. To calculate the root mean squared error, use the function'root_mean_squared_error'.
  warnings.warn(
[I 2024-06-06 13:46:43,408] Trial 48 finished with value: 0.572787063337607 and parameters: {'learning_rate': 0.03408550132815201, 'depth': 8, 'l2_leaf_reg': 0.02268880415227701, 'colsample_bylevel': 0.5581526055796218, 'min_data_in_leaf': 70}. Best is trial 21 with value: 0.5585488503225968.
/home/ai4062/.local/lib/python3.10/site-packages/sklearn/metrics/_regression.py:492: FutureWarning: 'squared' is deprecated in version 1.4 and will be removed in 1.6. To calculate the root mean squared error, use the function'root_mean_squared_error'.
  warnings.warn(
[I 2024-06-06 13:46:59,915] Trial 49 finished with value: 0.5680172902730672 and parameters: {'learning_rate': 0.05566548470928325, 'depth': 7, 'l2_leaf_reg': 0.019082500400558228, 'colsample_bylevel': 0.4468023247935904, 'min_data_in_leaf': 1}. Best is trial 21 with value: 0.5585488503225968.
/home/ai4062/.local/lib/python3.10/site-packages/sklearn/metrics/_regression.py:492: FutureWarning: 'squared' is deprecated in version 1.4 and will be removed in 1.6. To calculate the root mean squared error, use the function'root_mean_squared_error'.
  warnings.warn(
[I 2024-06-06 13:48:07,281] Trial 50 finished with value: 0.5626551975764481 and parameters: {'learning_rate': 0.010911442095637205, 'depth': 9, 'l2_leaf_reg': 0.02327927994437244, 'colsample_bylevel': 0.8577103704404949, 'min_data_in_leaf': 13}. Best is trial 21 with value: 0.5585488503225968.
/home/ai4062/.local/lib/python3.10/site-packages/sklearn/metrics/_regression.py:492: FutureWarning: 'squared' is deprecated in version 1.4 and will be removed in 1.6. To calculate the root mean squared error, use the function'root_mean_squared_error'.
  warnings.warn(
[I 2024-06-06 13:48:58,265] Trial 51 finished with value: 0.5584537214905743 and parameters: {'learning_rate': 0.025005266633354114, 'depth': 10, 'l2_leaf_reg': 0.020390576056814276, 'colsample_bylevel': 0.5991213381582082, 'min_data_in_leaf': 23}. Best is trial 51 with value: 0.5584537214905743.
/home/ai4062/.local/lib/python3.10/site-packages/sklearn/metrics/_regression.py:492: FutureWarning: 'squared' is deprecated in version 1.4 and will be removed in 1.6. To calculate the root mean squared error, use the function'root_mean_squared_error'.
  warnings.warn(
[I 2024-06-06 13:49:49,121] Trial 52 finished with value: 0.5564074254399323 and parameters: {'learning_rate': 0.027115288423799528, 'depth': 10, 'l2_leaf_reg': 0.01569551387044925, 'colsample_bylevel': 0.6038935914829812, 'min_data_in_leaf': 20}. Best is trial 52 with value: 0.5564074254399323.
/home/ai4062/.local/lib/python3.10/site-packages/sklearn/metrics/_regression.py:492: FutureWarning: 'squared' is deprecated in version 1.4 and will be removed in 1.6. To calculate the root mean squared error, use the function'root_mean_squared_error'.
  warnings.warn(
[I 2024-06-06 13:51:06,135] Trial 53 finished with value: 0.5639360879452169 and parameters: {'learning_rate': 0.03685030546031116, 'depth': 9, 'l2_leaf_reg': 0.01574391472555936, 'colsample_bylevel': 0.6544052012095444, 'min_data_in_leaf': 20}. Best is trial 52 with value: 0.5564074254399323.
/home/ai4062/.local/lib/python3.10/site-packages/sklearn/metrics/_regression.py:492: FutureWarning: 'squared' is deprecated in version 1.4 and will be removed in 1.6. To calculate the root mean squared error, use the function'root_mean_squared_error'.
  warnings.warn(
[I 2024-06-06 13:51:57,077] Trial 54 finished with value: 0.5620484065829279 and parameters: {'learning_rate': 0.02881804217521887, 'depth': 10, 'l2_leaf_reg': 0.01965082483889534, 'colsample_bylevel': 0.5991375161147926, 'min_data_in_leaf': 23}. Best is trial 52 with value: 0.5564074254399323.
/home/ai4062/.local/lib/python3.10/site-packages/sklearn/metrics/_regression.py:492: FutureWarning: 'squared' is deprecated in version 1.4 and will be removed in 1.6. To calculate the root mean squared error, use the function'root_mean_squared_error'.
  warnings.warn(
[I 2024-06-06 13:52:03,475] Trial 55 finished with value: 0.5763639761341781 and parameters: {'learning_rate': 0.04668404464961304, 'depth': 5, 'l2_leaf_reg': 0.012757819030956042, 'colsample_bylevel': 0.7038775190685854, 'min_data_in_leaf': 34}. Best is trial 52 with value: 0.5564074254399323.
/home/ai4062/.local/lib/python3.10/site-packages/sklearn/metrics/_regression.py:492: FutureWarning: 'squared' is deprecated in version 1.4 and will be removed in 1.6. To calculate the root mean squared error, use the function'root_mean_squared_error'.
  warnings.warn(
[I 2024-06-06 13:52:52,140] Trial 56 finished with value: 0.5659061135905032 and parameters: {'learning_rate': 0.02369491192867963, 'depth': 10, 'l2_leaf_reg': 0.02145097556909871, 'colsample_bylevel': 0.5588979822280172, 'min_data_in_leaf': 26}. Best is trial 52 with value: 0.5564074254399323.
/home/ai4062/.local/lib/python3.10/site-packages/sklearn/metrics/_regression.py:492: FutureWarning: 'squared' is deprecated in version 1.4 and will be removed in 1.6. To calculate the root mean squared error, use the function'root_mean_squared_error'.
  warnings.warn(
[I 2024-06-06 13:54:08,881] Trial 57 finished with value: 0.5621799462353227 and parameters: {'learning_rate': 0.014090302999836914, 'depth': 9, 'l2_leaf_reg': 0.018449938250010203, 'colsample_bylevel': 0.6477557374525226, 'min_data_in_leaf': 12}. Best is trial 52 with value: 0.5564074254399323.
/home/ai4062/.local/lib/python3.10/site-packages/sklearn/metrics/_regression.py:492: FutureWarning: 'squared' is deprecated in version 1.4 and will be removed in 1.6. To calculate the root mean squared error, use the function'root_mean_squared_error'.
  warnings.warn(
[I 2024-06-06 13:55:00,486] Trial 58 finished with value: 0.562178860144459 and parameters: {'learning_rate': 0.028294235097782887, 'depth': 10, 'l2_leaf_reg': 0.015909409702047798, 'colsample_bylevel': 0.5924677612444254, 'min_data_in_leaf': 19}. Best is trial 52 with value: 0.5564074254399323.
/home/ai4062/.local/lib/python3.10/site-packages/sklearn/metrics/_regression.py:492: FutureWarning: 'squared' is deprecated in version 1.4 and will be removed in 1.6. To calculate the root mean squared error, use the function'root_mean_squared_error'.
  warnings.warn(
[I 2024-06-06 13:55:05,116] Trial 59 finished with value: 0.5891248507460082 and parameters: {'learning_rate': 0.06375099291032343, 'depth': 3, 'l2_leaf_reg': 0.02622360023836498, 'colsample_bylevel': 0.7348115603050952, 'min_data_in_leaf': 48}. Best is trial 52 with value: 0.5564074254399323.
/home/ai4062/.local/lib/python3.10/site-packages/sklearn/metrics/_regression.py:492: FutureWarning: 'squared' is deprecated in version 1.4 and will be removed in 1.6. To calculate the root mean squared error, use the function'root_mean_squared_error'.
  warnings.warn(
[I 2024-06-06 13:55:58,332] Trial 60 finished with value: 0.5642166423331421 and parameters: {'learning_rate': 0.021650679968217023, 'depth': 8, 'l2_leaf_reg': 0.011186746208774764, 'colsample_bylevel': 0.5415566247933401, 'min_data_in_leaf': 30}. Best is trial 52 with value: 0.5564074254399323.
/home/ai4062/.local/lib/python3.10/site-packages/sklearn/metrics/_regression.py:492: FutureWarning: 'squared' is deprecated in version 1.4 and will be removed in 1.6. To calculate the root mean squared error, use the function'root_mean_squared_error'.
  warnings.warn(
[I 2024-06-06 13:56:42,946] Trial 61 finished with value: 0.565185617539384 and parameters: {'learning_rate': 0.016751855412974952, 'depth': 10, 'l2_leaf_reg': 0.020444155984819166, 'colsample_bylevel': 0.4896452355446899, 'min_data_in_leaf': 38}. Best is trial 52 with value: 0.5564074254399323.
/home/ai4062/.local/lib/python3.10/site-packages/sklearn/metrics/_regression.py:492: FutureWarning: 'squared' is deprecated in version 1.4 and will be removed in 1.6. To calculate the root mean squared error, use the function'root_mean_squared_error'.
  warnings.warn(
[I 2024-06-06 13:57:29,207] Trial 62 finished with value: 0.5630420109269602 and parameters: {'learning_rate': 0.0318109141522675, 'depth': 10, 'l2_leaf_reg': 0.024327717400040052, 'colsample_bylevel': 0.5295528119777486, 'min_data_in_leaf': 9}. Best is trial 52 with value: 0.5564074254399323.
/home/ai4062/.local/lib/python3.10/site-packages/sklearn/metrics/_regression.py:492: FutureWarning: 'squared' is deprecated in version 1.4 and will be removed in 1.6. To calculate the root mean squared error, use the function'root_mean_squared_error'.
  warnings.warn(
[I 2024-06-06 13:58:22,345] Trial 63 finished with value: 0.5645133740871854 and parameters: {'learning_rate': 0.025363510441669547, 'depth': 10, 'l2_leaf_reg': 0.01582176137773542, 'colsample_bylevel': 0.6329275560741916, 'min_data_in_leaf': 36}. Best is trial 52 with value: 0.5564074254399323.
/home/ai4062/.local/lib/python3.10/site-packages/sklearn/metrics/_regression.py:492: FutureWarning: 'squared' is deprecated in version 1.4 and will be removed in 1.6. To calculate the root mean squared error, use the function'root_mean_squared_error'.
  warnings.warn(
[I 2024-06-06 13:59:38,429] Trial 64 finished with value: 0.5618549763082592 and parameters: {'learning_rate': 0.018534649763084107, 'depth': 9, 'l2_leaf_reg': 0.022202157058817593, 'colsample_bylevel': 0.5834075964456826, 'min_data_in_leaf': 22}. Best is trial 52 with value: 0.5564074254399323.
/home/ai4062/.local/lib/python3.10/site-packages/sklearn/metrics/_regression.py:492: FutureWarning: 'squared' is deprecated in version 1.4 and will be removed in 1.6. To calculate the root mean squared error, use the function'root_mean_squared_error'.
  warnings.warn(
[I 2024-06-06 14:00:21,833] Trial 65 finished with value: 0.5668615601637383 and parameters: {'learning_rate': 0.03820060821071911, 'depth': 10, 'l2_leaf_reg': 0.028740700313602027, 'colsample_bylevel': 0.46730910397402214, 'min_data_in_leaf': 26}. Best is trial 52 with value: 0.5564074254399323.
/home/ai4062/.local/lib/python3.10/site-packages/sklearn/metrics/_regression.py:492: FutureWarning: 'squared' is deprecated in version 1.4 and will be removed in 1.6. To calculate the root mean squared error, use the function'root_mean_squared_error'.
  warnings.warn(
[I 2024-06-06 14:01:29,465] Trial 66 finished with value: 0.5675087333424671 and parameters: {'learning_rate': 0.04310447152577296, 'depth': 9, 'l2_leaf_reg': 0.03153529363724786, 'colsample_bylevel': 0.39915403963172175, 'min_data_in_leaf': 87}. Best is trial 52 with value: 0.5564074254399323.
/home/ai4062/.local/lib/python3.10/site-packages/sklearn/metrics/_regression.py:492: FutureWarning: 'squared' is deprecated in version 1.4 and will be removed in 1.6. To calculate the root mean squared error, use the function'root_mean_squared_error'.
  warnings.warn(
[I 2024-06-06 14:02:25,867] Trial 67 finished with value: 0.5601137981600242 and parameters: {'learning_rate': 0.008516933521624831, 'depth': 10, 'l2_leaf_reg': 0.038457977960214225, 'colsample_bylevel': 0.6762851961478872, 'min_data_in_leaf': 99}. Best is trial 52 with value: 0.5564074254399323.
/home/ai4062/.local/lib/python3.10/site-packages/sklearn/metrics/_regression.py:492: FutureWarning: 'squared' is deprecated in version 1.4 and will be removed in 1.6. To calculate the root mean squared error, use the function'root_mean_squared_error'.
  warnings.warn(
[I 2024-06-06 14:03:19,620] Trial 68 finished with value: 0.5677629239888969 and parameters: {'learning_rate': 0.005096915659702873, 'depth': 10, 'l2_leaf_reg': 0.03771360403464393, 'colsample_bylevel': 0.6671174462350588, 'min_data_in_leaf': 55}. Best is trial 52 with value: 0.5564074254399323.
/home/ai4062/.local/lib/python3.10/site-packages/sklearn/metrics/_regression.py:492: FutureWarning: 'squared' is deprecated in version 1.4 and will be removed in 1.6. To calculate the root mean squared error, use the function'root_mean_squared_error'.
  warnings.warn(
[I 2024-06-06 14:04:31,994] Trial 69 finished with value: 0.5624849628839826 and parameters: {'learning_rate': 0.014634426548223948, 'depth': 9, 'l2_leaf_reg': 0.017803481199776296, 'colsample_bylevel': 0.7781362343735954, 'min_data_in_leaf': 16}. Best is trial 52 with value: 0.5564074254399323.
/home/ai4062/.local/lib/python3.10/site-packages/sklearn/metrics/_regression.py:492: FutureWarning: 'squared' is deprecated in version 1.4 and will be removed in 1.6. To calculate the root mean squared error, use the function'root_mean_squared_error'.
  warnings.warn(
[I 2024-06-06 14:05:27,453] Trial 70 finished with value: 0.5576411479865387 and parameters: {'learning_rate': 0.00883868352557672, 'depth': 10, 'l2_leaf_reg': 0.01384602096275753, 'colsample_bylevel': 0.6952051494762134, 'min_data_in_leaf': 100}. Best is trial 52 with value: 0.5564074254399323.
/home/ai4062/.local/lib/python3.10/site-packages/sklearn/metrics/_regression.py:492: FutureWarning: 'squared' is deprecated in version 1.4 and will be removed in 1.6. To calculate the root mean squared error, use the function'root_mean_squared_error'.
  warnings.warn(
[I 2024-06-06 14:06:23,562] Trial 71 finished with value: 0.5611694071847707 and parameters: {'learning_rate': 0.008037536198980899, 'depth': 10, 'l2_leaf_reg': 0.013439986456644999, 'colsample_bylevel': 0.706089332772307, 'min_data_in_leaf': 99}. Best is trial 52 with value: 0.5564074254399323.
/home/ai4062/.local/lib/python3.10/site-packages/sklearn/metrics/_regression.py:492: FutureWarning: 'squared' is deprecated in version 1.4 and will be removed in 1.6. To calculate the root mean squared error, use the function'root_mean_squared_error'.
  warnings.warn(
[I 2024-06-06 14:07:15,379] Trial 72 finished with value: 0.5732375436196895 and parameters: {'learning_rate': 0.003662414155085669, 'depth': 10, 'l2_leaf_reg': 0.01123446560024427, 'colsample_bylevel': 0.6154212977061118, 'min_data_in_leaf': 96}. Best is trial 52 with value: 0.5564074254399323.
/home/ai4062/.local/lib/python3.10/site-packages/sklearn/metrics/_regression.py:492: FutureWarning: 'squared' is deprecated in version 1.4 and will be removed in 1.6. To calculate the root mean squared error, use the function'root_mean_squared_error'.
  warnings.warn(
[I 2024-06-06 14:08:34,086] Trial 73 finished with value: 0.5654650999968339 and parameters: {'learning_rate': 0.009357583442174302, 'depth': 9, 'l2_leaf_reg': 0.014779417129875948, 'colsample_bylevel': 0.672198307534386, 'min_data_in_leaf': 91}. Best is trial 52 with value: 0.5564074254399323.
/home/ai4062/.local/lib/python3.10/site-packages/sklearn/metrics/_regression.py:492: FutureWarning: 'squared' is deprecated in version 1.4 and will be removed in 1.6. To calculate the root mean squared error, use the function'root_mean_squared_error'.
  warnings.warn(
[I 2024-06-06 14:09:33,453] Trial 74 finished with value: 0.5665254076451355 and parameters: {'learning_rate': 0.022745467641786143, 'depth': 10, 'l2_leaf_reg': 0.024492669114906173, 'colsample_bylevel': 0.744481016529182, 'min_data_in_leaf': 95}. Best is trial 52 with value: 0.5564074254399323.
/home/ai4062/.local/lib/python3.10/site-packages/sklearn/metrics/_regression.py:492: FutureWarning: 'squared' is deprecated in version 1.4 and will be removed in 1.6. To calculate the root mean squared error, use the function'root_mean_squared_error'.
  warnings.warn(
