Running "module reset". Resetting modules to system default. The following $MODULEPATH directories have been removed: None
[I 2024-06-06 13:13:15,412] A new study created in memory with name: no-name-dd76eb11-985f-4ab9-bde7-3396d6573217
TBB Warning: The number of workers is currently limited to 15. The request for 63 workers is ignored. Further requests for more workers will be silently ignored until the limit changes.

/home/ai4062/.local/lib/python3.10/site-packages/sklearn/metrics/_regression.py:492: FutureWarning: 'squared' is deprecated in version 1.4 and will be removed in 1.6. To calculate the root mean squared error, use the function'root_mean_squared_error'.
  warnings.warn(
[I 2024-06-06 13:13:34,047] Trial 0 finished with value: 0.612754144960781 and parameters: {'learning_rate': 0.0023383288549748368, 'depth': 8, 'l2_leaf_reg': 0.010272584791226185, 'colsample_bylevel': 0.09512363121615267, 'min_data_in_leaf': 91}. Best is trial 0 with value: 0.612754144960781.
/home/ai4062/.local/lib/python3.10/site-packages/sklearn/metrics/_regression.py:492: FutureWarning: 'squared' is deprecated in version 1.4 and will be removed in 1.6. To calculate the root mean squared error, use the function'root_mean_squared_error'.
  warnings.warn(
[I 2024-06-06 13:13:38,272] Trial 1 finished with value: 0.6347392830700206 and parameters: {'learning_rate': 0.01815196597074022, 'depth': 1, 'l2_leaf_reg': 0.09007983368780009, 'colsample_bylevel': 0.4423841139731589, 'min_data_in_leaf': 4}. Best is trial 0 with value: 0.612754144960781.
/home/ai4062/.local/lib/python3.10/site-packages/sklearn/metrics/_regression.py:492: FutureWarning: 'squared' is deprecated in version 1.4 and will be removed in 1.6. To calculate the root mean squared error, use the function'root_mean_squared_error'.
  warnings.warn(
[I 2024-06-06 13:13:43,853] Trial 2 finished with value: 0.5832995994599899 and parameters: {'learning_rate': 0.07427037800756844, 'depth': 4, 'l2_leaf_reg': 0.04835797562860609, 'colsample_bylevel': 0.23089555535405226, 'min_data_in_leaf': 68}. Best is trial 2 with value: 0.5832995994599899.
/home/ai4062/.local/lib/python3.10/site-packages/sklearn/metrics/_regression.py:492: FutureWarning: 'squared' is deprecated in version 1.4 and will be removed in 1.6. To calculate the root mean squared error, use the function'root_mean_squared_error'.
  warnings.warn(
[I 2024-06-06 13:13:47,981] Trial 3 finished with value: 0.6240012802157103 and parameters: {'learning_rate': 0.051266788626703155, 'depth': 1, 'l2_leaf_reg': 0.028992531915799688, 'colsample_bylevel': 0.23698674935607278, 'min_data_in_leaf': 68}. Best is trial 2 with value: 0.5832995994599899.
/home/ai4062/.local/lib/python3.10/site-packages/sklearn/metrics/_regression.py:492: FutureWarning: 'squared' is deprecated in version 1.4 and will be removed in 1.6. To calculate the root mean squared error, use the function'root_mean_squared_error'.
  warnings.warn(
[I 2024-06-06 13:14:26,422] Trial 4 finished with value: 0.562399666730086 and parameters: {'learning_rate': 0.009815002968109523, 'depth': 10, 'l2_leaf_reg': 0.013648195500625588, 'colsample_bylevel': 0.3569984435566004, 'min_data_in_leaf': 82}. Best is trial 4 with value: 0.562399666730086.
/home/ai4062/.local/lib/python3.10/site-packages/sklearn/metrics/_regression.py:492: FutureWarning: 'squared' is deprecated in version 1.4 and will be removed in 1.6. To calculate the root mean squared error, use the function'root_mean_squared_error'.
  warnings.warn(
[I 2024-06-06 13:14:30,633] Trial 5 finished with value: 0.6555838805524247 and parameters: {'learning_rate': 0.0019916455921623597, 'depth': 2, 'l2_leaf_reg': 0.08012665793191687, 'colsample_bylevel': 0.37695153868806075, 'min_data_in_leaf': 25}. Best is trial 4 with value: 0.562399666730086.
/home/ai4062/.local/lib/python3.10/site-packages/sklearn/metrics/_regression.py:492: FutureWarning: 'squared' is deprecated in version 1.4 and will be removed in 1.6. To calculate the root mean squared error, use the function'root_mean_squared_error'.
  warnings.warn(
[I 2024-06-06 13:15:21,255] Trial 6 finished with value: 0.5629760299150988 and parameters: {'learning_rate': 0.008589630007331444, 'depth': 8, 'l2_leaf_reg': 0.056180944900304626, 'colsample_bylevel': 0.6874279973535518, 'min_data_in_leaf': 47}. Best is trial 4 with value: 0.562399666730086.
/home/ai4062/.local/lib/python3.10/site-packages/sklearn/metrics/_regression.py:492: FutureWarning: 'squared' is deprecated in version 1.4 and will be removed in 1.6. To calculate the root mean squared error, use the function'root_mean_squared_error'.
  warnings.warn(
[I 2024-06-06 13:16:06,819] Trial 7 finished with value: 0.5662220217496957 and parameters: {'learning_rate': 0.01338729403708356, 'depth': 8, 'l2_leaf_reg': 0.035350039481082465, 'colsample_bylevel': 0.3872752552127453, 'min_data_in_leaf': 93}. Best is trial 4 with value: 0.562399666730086.
/home/ai4062/.local/lib/python3.10/site-packages/sklearn/metrics/_regression.py:492: FutureWarning: 'squared' is deprecated in version 1.4 and will be removed in 1.6. To calculate the root mean squared error, use the function'root_mean_squared_error'.
  warnings.warn(
[I 2024-06-06 13:17:18,018] Trial 8 finished with value: 0.5980504131827529 and parameters: {'learning_rate': 0.0014715473612515284, 'depth': 9, 'l2_leaf_reg': 0.014540537474639856, 'colsample_bylevel': 0.868404199344184, 'min_data_in_leaf': 17}. Best is trial 4 with value: 0.562399666730086.
/home/ai4062/.local/lib/python3.10/site-packages/sklearn/metrics/_regression.py:492: FutureWarning: 'squared' is deprecated in version 1.4 and will be removed in 1.6. To calculate the root mean squared error, use the function'root_mean_squared_error'.
  warnings.warn(
[I 2024-06-06 13:18:08,412] Trial 9 finished with value: 0.6134288676930376 and parameters: {'learning_rate': 0.0010243048392992312, 'depth': 8, 'l2_leaf_reg': 0.011985570329038955, 'colsample_bylevel': 0.6485375328138647, 'min_data_in_leaf': 90}. Best is trial 4 with value: 0.562399666730086.
/home/ai4062/.local/lib/python3.10/site-packages/sklearn/metrics/_regression.py:492: FutureWarning: 'squared' is deprecated in version 1.4 and will be removed in 1.6. To calculate the root mean squared error, use the function'root_mean_squared_error'.
  warnings.warn(
[I 2024-06-06 13:18:15,671] Trial 10 finished with value: 0.589654063024705 and parameters: {'learning_rate': 0.005008019660538486, 'depth': 5, 'l2_leaf_reg': 0.019567014505796274, 'colsample_bylevel': 0.9957644750021645, 'min_data_in_leaf': 67}. Best is trial 4 with value: 0.562399666730086.
/home/ai4062/.local/lib/python3.10/site-packages/sklearn/metrics/_regression.py:492: FutureWarning: 'squared' is deprecated in version 1.4 and will be removed in 1.6. To calculate the root mean squared error, use the function'root_mean_squared_error'.
  warnings.warn(
[I 2024-06-06 13:19:13,507] Trial 11 finished with value: 0.5634886474728784 and parameters: {'learning_rate': 0.006523187700778703, 'depth': 10, 'l2_leaf_reg': 0.053848414753870776, 'colsample_bylevel': 0.6609427603721749, 'min_data_in_leaf': 41}. Best is trial 4 with value: 0.562399666730086.
/home/ai4062/.local/lib/python3.10/site-packages/sklearn/metrics/_regression.py:492: FutureWarning: 'squared' is deprecated in version 1.4 and will be removed in 1.6. To calculate the root mean squared error, use the function'root_mean_squared_error'.
  warnings.warn(
[I 2024-06-06 13:20:04,609] Trial 12 finished with value: 0.5617305136011743 and parameters: {'learning_rate': 0.02604991243225273, 'depth': 10, 'l2_leaf_reg': 0.025332323353983065, 'colsample_bylevel': 0.5847423487438692, 'min_data_in_leaf': 48}. Best is trial 12 with value: 0.5617305136011743.
/home/ai4062/.local/lib/python3.10/site-packages/sklearn/metrics/_regression.py:492: FutureWarning: 'squared' is deprecated in version 1.4 and will be removed in 1.6. To calculate the root mean squared error, use the function'root_mean_squared_error'.
  warnings.warn(
[I 2024-06-06 13:20:53,994] Trial 13 finished with value: 0.5611298247425711 and parameters: {'learning_rate': 0.029802738727246002, 'depth': 10, 'l2_leaf_reg': 0.02139749746366072, 'colsample_bylevel': 0.5435301351237043, 'min_data_in_leaf': 35}. Best is trial 13 with value: 0.5611298247425711.
/home/ai4062/.local/lib/python3.10/site-packages/sklearn/metrics/_regression.py:492: FutureWarning: 'squared' is deprecated in version 1.4 and will be removed in 1.6. To calculate the root mean squared error, use the function'root_mean_squared_error'.
  warnings.warn(
[I 2024-06-06 13:21:02,444] Trial 14 finished with value: 0.5699391679041345 and parameters: {'learning_rate': 0.029911951137769115, 'depth': 6, 'l2_leaf_reg': 0.021032790574490264, 'colsample_bylevel': 0.5413573241274813, 'min_data_in_leaf': 37}. Best is trial 13 with value: 0.5611298247425711.
/home/ai4062/.local/lib/python3.10/site-packages/sklearn/metrics/_regression.py:492: FutureWarning: 'squared' is deprecated in version 1.4 and will be removed in 1.6. To calculate the root mean squared error, use the function'root_mean_squared_error'.
  warnings.warn(
[I 2024-06-06 13:21:11,138] Trial 15 finished with value: 0.5681956529429688 and parameters: {'learning_rate': 0.032315523715095544, 'depth': 6, 'l2_leaf_reg': 0.02333867240503296, 'colsample_bylevel': 0.7990258706049018, 'min_data_in_leaf': 56}. Best is trial 13 with value: 0.5611298247425711.
/home/ai4062/.local/lib/python3.10/site-packages/sklearn/metrics/_regression.py:492: FutureWarning: 'squared' is deprecated in version 1.4 and will be removed in 1.6. To calculate the root mean squared error, use the function'root_mean_squared_error'.
  warnings.warn(
[I 2024-06-06 13:22:01,319] Trial 16 finished with value: 0.5613714645671946 and parameters: {'learning_rate': 0.023922834514417818, 'depth': 10, 'l2_leaf_reg': 0.03428007023163974, 'colsample_bylevel': 0.5225677743013132, 'min_data_in_leaf': 27}. Best is trial 13 with value: 0.5611298247425711.
/home/ai4062/.local/lib/python3.10/site-packages/sklearn/metrics/_regression.py:492: FutureWarning: 'squared' is deprecated in version 1.4 and will be removed in 1.6. To calculate the root mean squared error, use the function'root_mean_squared_error'.
  warnings.warn(
[I 2024-06-06 13:22:19,165] Trial 17 finished with value: 0.5806216344563647 and parameters: {'learning_rate': 0.07606431478493272, 'depth': 7, 'l2_leaf_reg': 0.03646625542199057, 'colsample_bylevel': 0.7950797830562896, 'min_data_in_leaf': 27}. Best is trial 13 with value: 0.5611298247425711.
/home/ai4062/.local/lib/python3.10/site-packages/sklearn/metrics/_regression.py:492: FutureWarning: 'squared' is deprecated in version 1.4 and will be removed in 1.6. To calculate the root mean squared error, use the function'root_mean_squared_error'.
  warnings.warn(
[I 2024-06-06 13:22:24,886] Trial 18 finished with value: 0.5850291994077054 and parameters: {'learning_rate': 0.04058508009878788, 'depth': 4, 'l2_leaf_reg': 0.017505285002610504, 'colsample_bylevel': 0.4771062604892626, 'min_data_in_leaf': 6}. Best is trial 13 with value: 0.5611298247425711.
/home/ai4062/.local/lib/python3.10/site-packages/sklearn/metrics/_regression.py:492: FutureWarning: 'squared' is deprecated in version 1.4 and will be removed in 1.6. To calculate the root mean squared error, use the function'root_mean_squared_error'.
  warnings.warn(
[I 2024-06-06 13:23:16,002] Trial 19 finished with value: 0.565643241487666 and parameters: {'learning_rate': 0.0209698427887609, 'depth': 9, 'l2_leaf_reg': 0.04250971676211194, 'colsample_bylevel': 0.23756021115588588, 'min_data_in_leaf': 29}. Best is trial 13 with value: 0.5611298247425711.
/home/ai4062/.local/lib/python3.10/site-packages/sklearn/metrics/_regression.py:492: FutureWarning: 'squared' is deprecated in version 1.4 and will be removed in 1.6. To calculate the root mean squared error, use the function'root_mean_squared_error'.
  warnings.warn(
[I 2024-06-06 13:24:35,130] Trial 20 finished with value: 0.5756585689612203 and parameters: {'learning_rate': 0.0036985849757674924, 'depth': 9, 'l2_leaf_reg': 0.02887063276412716, 'colsample_bylevel': 0.5807725458263004, 'min_data_in_leaf': 15}. Best is trial 13 with value: 0.5611298247425711.
/home/ai4062/.local/lib/python3.10/site-packages/sklearn/metrics/_regression.py:492: FutureWarning: 'squared' is deprecated in version 1.4 and will be removed in 1.6. To calculate the root mean squared error, use the function'root_mean_squared_error'.
  warnings.warn(
[I 2024-06-06 13:25:25,531] Trial 21 finished with value: 0.5585488503225968 and parameters: {'learning_rate': 0.02100916156860535, 'depth': 10, 'l2_leaf_reg': 0.025739554578348516, 'colsample_bylevel': 0.5870539418680399, 'min_data_in_leaf': 54}. Best is trial 21 with value: 0.5585488503225968.
/home/ai4062/.local/lib/python3.10/site-packages/sklearn/metrics/_regression.py:492: FutureWarning: 'squared' is deprecated in version 1.4 and will be removed in 1.6. To calculate the root mean squared error, use the function'root_mean_squared_error'.
  warnings.warn(
[I 2024-06-06 13:26:27,599] Trial 22 finished with value: 0.5626414548147848 and parameters: {'learning_rate': 0.014780681584520377, 'depth': 10, 'l2_leaf_reg': 0.01708111447128434, 'colsample_bylevel': 0.7408619998047625, 'min_data_in_leaf': 56}. Best is trial 21 with value: 0.5585488503225968.
/home/ai4062/.local/lib/python3.10/site-packages/sklearn/metrics/_regression.py:492: FutureWarning: 'squared' is deprecated in version 1.4 and will be removed in 1.6. To calculate the root mean squared error, use the function'root_mean_squared_error'.
  warnings.warn(
[I 2024-06-06 13:27:46,938] Trial 23 finished with value: 0.5644951907853253 and parameters: {'learning_rate': 0.04890008284307109, 'depth': 9, 'l2_leaf_reg': 0.02537049450781847, 'colsample_bylevel': 0.5009586273541015, 'min_data_in_leaf': 35}. Best is trial 21 with value: 0.5585488503225968.
/home/ai4062/.local/lib/python3.10/site-packages/sklearn/metrics/_regression.py:492: FutureWarning: 'squared' is deprecated in version 1.4 and will be removed in 1.6. To calculate the root mean squared error, use the function'root_mean_squared_error'.
  warnings.warn(
[I 2024-06-06 13:28:06,860] Trial 24 finished with value: 0.5758786196266564 and parameters: {'learning_rate': 0.09524724338238541, 'depth': 7, 'l2_leaf_reg': 0.03530286493394921, 'colsample_bylevel': 0.5939029059287986, 'min_data_in_leaf': 16}. Best is trial 21 with value: 0.5585488503225968.
/home/ai4062/.local/lib/python3.10/site-packages/sklearn/metrics/_regression.py:492: FutureWarning: 'squared' is deprecated in version 1.4 and will be removed in 1.6. To calculate the root mean squared error, use the function'root_mean_squared_error'.
  warnings.warn(
[I 2024-06-06 13:28:49,835] Trial 25 finished with value: 0.5620774120856434 and parameters: {'learning_rate': 0.013373296236756618, 'depth': 10, 'l2_leaf_reg': 0.030437509542601115, 'colsample_bylevel': 0.4341317650592139, 'min_data_in_leaf': 59}. Best is trial 21 with value: 0.5585488503225968.
/home/ai4062/.local/lib/python3.10/site-packages/sklearn/metrics/_regression.py:492: FutureWarning: 'squared' is deprecated in version 1.4 and will be removed in 1.6. To calculate the root mean squared error, use the function'root_mean_squared_error'.
  warnings.warn(
[I 2024-06-06 13:29:53,476] Trial 26 finished with value: 0.5619521501158206 and parameters: {'learning_rate': 0.023742487189819163, 'depth': 9, 'l2_leaf_reg': 0.042683240066989925, 'colsample_bylevel': 0.30936973328152106, 'min_data_in_leaf': 42}. Best is trial 21 with value: 0.5585488503225968.
/home/ai4062/.local/lib/python3.10/site-packages/sklearn/metrics/_regression.py:492: FutureWarning: 'squared' is deprecated in version 1.4 and will be removed in 1.6. To calculate the root mean squared error, use the function'root_mean_squared_error'.
  warnings.warn(
[I 2024-06-06 13:30:12,895] Trial 27 finished with value: 0.5643917674887337 and parameters: {'learning_rate': 0.04046939225740245, 'depth': 7, 'l2_leaf_reg': 0.021122665485737414, 'colsample_bylevel': 0.7202767368013295, 'min_data_in_leaf': 23}. Best is trial 21 with value: 0.5585488503225968.
/home/ai4062/.local/lib/python3.10/site-packages/sklearn/metrics/_regression.py:492: FutureWarning: 'squared' is deprecated in version 1.4 and will be removed in 1.6. To calculate the root mean squared error, use the function'root_mean_squared_error'.
  warnings.warn(
[I 2024-06-06 13:31:02,088] Trial 28 finished with value: 0.5611467672524696 and parameters: {'learning_rate': 0.018083799180516148, 'depth': 10, 'l2_leaf_reg': 0.06383111060893948, 'colsample_bylevel': 0.5172745021437105, 'min_data_in_leaf': 80}. Best is trial 21 with value: 0.5585488503225968.
/home/ai4062/.local/lib/python3.10/site-packages/sklearn/metrics/_regression.py:492: FutureWarning: 'squared' is deprecated in version 1.4 and will be removed in 1.6. To calculate the root mean squared error, use the function'root_mean_squared_error'.
  warnings.warn(
[I 2024-06-06 13:31:29,603] Trial 29 finished with value: 0.5665010813007896 and parameters: {'learning_rate': 0.016166044857381868, 'depth': 8, 'l2_leaf_reg': 0.06546004796845119, 'colsample_bylevel': 0.1477009778017463, 'min_data_in_leaf': 80}. Best is trial 21 with value: 0.5585488503225968.
/home/ai4062/.local/lib/python3.10/site-packages/sklearn/metrics/_regression.py:492: FutureWarning: 'squared' is deprecated in version 1.4 and will be removed in 1.6. To calculate the root mean squared error, use the function'root_mean_squared_error'.
  warnings.warn(
[I 2024-06-06 13:31:43,425] Trial 30 finished with value: 0.5960042701955077 and parameters: {'learning_rate': 0.007651706222931417, 'depth': 9, 'l2_leaf_reg': 0.06616732161224878, 'colsample_bylevel': 0.06683607461885038, 'min_data_in_leaf': 76}. Best is trial 21 with value: 0.5585488503225968.
/home/ai4062/.local/lib/python3.10/site-packages/sklearn/metrics/_regression.py:492: FutureWarning: 'squared' is deprecated in version 1.4 and will be removed in 1.6. To calculate the root mean squared error, use the function'root_mean_squared_error'.
  warnings.warn(
[I 2024-06-06 13:32:32,067] Trial 31 finished with value: 0.5638591609293203 and parameters: {'learning_rate': 0.01156227697079132, 'depth': 10, 'l2_leaf_reg': 0.017259124908374036, 'colsample_bylevel': 0.5339246350697484, 'min_data_in_leaf': 34}. Best is trial 21 with value: 0.5585488503225968.
/home/ai4062/.local/lib/python3.10/site-packages/sklearn/metrics/_regression.py:492: FutureWarning: 'squared' is deprecated in version 1.4 and will be removed in 1.6. To calculate the root mean squared error, use the function'root_mean_squared_error'.
  warnings.warn(
[I 2024-06-06 13:33:28,863] Trial 32 finished with value: 0.5590256728022205 and parameters: {'learning_rate': 0.018619685590678958, 'depth': 10, 'l2_leaf_reg': 0.08712456110824837, 'colsample_bylevel': 0.6336162686938773, 'min_data_in_leaf': 42}. Best is trial 21 with value: 0.5585488503225968.
/home/ai4062/.local/lib/python3.10/site-packages/sklearn/metrics/_regression.py:492: FutureWarning: 'squared' is deprecated in version 1.4 and will be removed in 1.6. To calculate the root mean squared error, use the function'root_mean_squared_error'.
  warnings.warn(
[I 2024-06-06 13:34:47,405] Trial 33 finished with value: 0.563108336444777 and parameters: {'learning_rate': 0.019490122722435676, 'depth': 9, 'l2_leaf_reg': 0.09037277386299532, 'colsample_bylevel': 0.6298804183344098, 'min_data_in_leaf': 62}. Best is trial 21 with value: 0.5585488503225968.
/home/ai4062/.local/lib/python3.10/site-packages/sklearn/metrics/_regression.py:492: FutureWarning: 'squared' is deprecated in version 1.4 and will be removed in 1.6. To calculate the root mean squared error, use the function'root_mean_squared_error'.
  warnings.warn(
[I 2024-06-06 13:35:36,121] Trial 34 finished with value: 0.5671763304432347 and parameters: {'learning_rate': 0.034144850886620545, 'depth': 8, 'l2_leaf_reg': 0.09946731132200941, 'colsample_bylevel': 0.4274295386982626, 'min_data_in_leaf': 100}. Best is trial 21 with value: 0.5585488503225968.
/home/ai4062/.local/lib/python3.10/site-packages/sklearn/metrics/_regression.py:492: FutureWarning: 'squared' is deprecated in version 1.4 and will be removed in 1.6. To calculate the root mean squared error, use the function'root_mean_squared_error'.
  warnings.warn(
[I 2024-06-06 13:36:20,756] Trial 35 finished with value: 0.563179735415353 and parameters: {'learning_rate': 0.06447448877977612, 'depth': 10, 'l2_leaf_reg': 0.07175168810699037, 'colsample_bylevel': 0.464555578177725, 'min_data_in_leaf': 52}. Best is trial 21 with value: 0.5585488503225968.
/home/ai4062/.local/lib/python3.10/site-packages/sklearn/metrics/_regression.py:492: FutureWarning: 'squared' is deprecated in version 1.4 and will be removed in 1.6. To calculate the root mean squared error, use the function'root_mean_squared_error'.
  warnings.warn(
[I 2024-06-06 13:36:26,098] Trial 36 finished with value: 0.5919798899180374 and parameters: {'learning_rate': 0.019860710517312093, 'depth': 3, 'l2_leaf_reg': 0.08353627970650648, 'colsample_bylevel': 0.6208573635923393, 'min_data_in_leaf': 73}. Best is trial 21 with value: 0.5585488503225968.
/home/ai4062/.local/lib/python3.10/site-packages/sklearn/metrics/_regression.py:492: FutureWarning: 'squared' is deprecated in version 1.4 and will be removed in 1.6. To calculate the root mean squared error, use the function'root_mean_squared_error'.
  warnings.warn(
