[I 2024-06-06 13:10:53,561] Trial 38 finished with value: 0.5518095221494204 and parameters: {'learning_rate': 0.013116996440099974, 'depth': 8, 'l2_leaf_reg': 0.037769742482712636, 'colsample_bylevel': 0.1223646935815576, 'min_data_in_leaf': 100}. Best is trial 14 with value: 0.5450618032241417.
/home/ai4062/.local/lib/python3.10/site-packages/sklearn/metrics/_regression.py:492: FutureWarning: 'squared' is deprecated in version 1.4 and will be removed in 1.6. To calculate the root mean squared error, use the function'root_mean_squared_error'.
  warnings.warn(
[I 2024-06-06 13:13:05,453] Trial 39 finished with value: 0.5570380416373161 and parameters: {'learning_rate': 0.03053486159359293, 'depth': 7, 'l2_leaf_reg': 0.016912441609792002, 'colsample_bylevel': 0.38699434272751465, 'min_data_in_leaf': 57}. Best is trial 14 with value: 0.5450618032241417.
/home/ai4062/.local/lib/python3.10/site-packages/sklearn/metrics/_regression.py:492: FutureWarning: 'squared' is deprecated in version 1.4 and will be removed in 1.6. To calculate the root mean squared error, use the function'root_mean_squared_error'.
  warnings.warn(
[I 2024-06-06 13:15:19,521] Trial 40 finished with value: 0.5486208817672349 and parameters: {'learning_rate': 0.01595957833129492, 'depth': 10, 'l2_leaf_reg': 0.03017127704855515, 'colsample_bylevel': 0.6406956588015621, 'min_data_in_leaf': 34}. Best is trial 14 with value: 0.5450618032241417.
/home/ai4062/.local/lib/python3.10/site-packages/sklearn/metrics/_regression.py:492: FutureWarning: 'squared' is deprecated in version 1.4 and will be removed in 1.6. To calculate the root mean squared error, use the function'root_mean_squared_error'.
  warnings.warn(
[I 2024-06-06 13:17:34,452] Trial 41 finished with value: 0.5483460305843493 and parameters: {'learning_rate': 0.015921880463727677, 'depth': 10, 'l2_leaf_reg': 0.03068083042441455, 'colsample_bylevel': 0.6465881957013784, 'min_data_in_leaf': 35}. Best is trial 14 with value: 0.5450618032241417.
/home/ai4062/.local/lib/python3.10/site-packages/sklearn/metrics/_regression.py:492: FutureWarning: 'squared' is deprecated in version 1.4 and will be removed in 1.6. To calculate the root mean squared error, use the function'root_mean_squared_error'.
  warnings.warn(
[I 2024-06-06 13:19:50,843] Trial 42 finished with value: 0.5501016162790148 and parameters: {'learning_rate': 0.008485671978110648, 'depth': 10, 'l2_leaf_reg': 0.03142075824160167, 'colsample_bylevel': 0.6927639012806202, 'min_data_in_leaf': 36}. Best is trial 14 with value: 0.5450618032241417.
/home/ai4062/.local/lib/python3.10/site-packages/sklearn/metrics/_regression.py:492: FutureWarning: 'squared' is deprecated in version 1.4 and will be removed in 1.6. To calculate the root mean squared error, use the function'root_mean_squared_error'.
  warnings.warn(
[I 2024-06-06 13:22:07,859] Trial 43 finished with value: 0.5490491133859288 and parameters: {'learning_rate': 0.012884617049478136, 'depth': 10, 'l2_leaf_reg': 0.02372346226125303, 'colsample_bylevel': 0.6376528018384402, 'min_data_in_leaf': 44}. Best is trial 14 with value: 0.5450618032241417.
/home/ai4062/.local/lib/python3.10/site-packages/sklearn/metrics/_regression.py:492: FutureWarning: 'squared' is deprecated in version 1.4 and will be removed in 1.6. To calculate the root mean squared error, use the function'root_mean_squared_error'.
  warnings.warn(
[I 2024-06-06 13:24:33,758] Trial 44 finished with value: 0.5522518960065841 and parameters: {'learning_rate': 0.022150295837635968, 'depth': 10, 'l2_leaf_reg': 0.030441719301856324, 'colsample_bylevel': 0.7635313235306094, 'min_data_in_leaf': 33}. Best is trial 14 with value: 0.5450618032241417.
/home/ai4062/.local/lib/python3.10/site-packages/sklearn/metrics/_regression.py:492: FutureWarning: 'squared' is deprecated in version 1.4 and will be removed in 1.6. To calculate the root mean squared error, use the function'root_mean_squared_error'.
  warnings.warn(
[I 2024-06-06 13:31:54,242] Trial 45 finished with value: 0.5507591764934735 and parameters: {'learning_rate': 0.03892759316204812, 'depth': 9, 'l2_leaf_reg': 0.019394438367077643, 'colsample_bylevel': 0.847203126920564, 'min_data_in_leaf': 41}. Best is trial 14 with value: 0.5450618032241417.
/home/ai4062/.local/lib/python3.10/site-packages/sklearn/metrics/_regression.py:492: FutureWarning: 'squared' is deprecated in version 1.4 and will be removed in 1.6. To calculate the root mean squared error, use the function'root_mean_squared_error'.
  warnings.warn(
[I 2024-06-06 13:33:58,677] Trial 46 finished with value: 0.5496239076749628 and parameters: {'learning_rate': 0.0061946514361255365, 'depth': 10, 'l2_leaf_reg': 0.034979571051557974, 'colsample_bylevel': 0.5537576812668747, 'min_data_in_leaf': 22}. Best is trial 14 with value: 0.5450618032241417.
/home/ai4062/.local/lib/python3.10/site-packages/sklearn/metrics/_regression.py:492: FutureWarning: 'squared' is deprecated in version 1.4 and will be removed in 1.6. To calculate the root mean squared error, use the function'root_mean_squared_error'.
  warnings.warn(
[I 2024-06-06 13:34:03,837] Trial 47 finished with value: 0.6104235131981853 and parameters: {'learning_rate': 0.015521706441445638, 'depth': 1, 'l2_leaf_reg': 0.04759573765945067, 'colsample_bylevel': 0.7233019227332217, 'min_data_in_leaf': 31}. Best is trial 14 with value: 0.5450618032241417.
/home/ai4062/.local/lib/python3.10/site-packages/sklearn/metrics/_regression.py:492: FutureWarning: 'squared' is deprecated in version 1.4 and will be removed in 1.6. To calculate the root mean squared error, use the function'root_mean_squared_error'.
  warnings.warn(
[I 2024-06-06 13:38:56,835] Trial 48 finished with value: 0.5509840799492686 and parameters: {'learning_rate': 0.0094228900404111, 'depth': 8, 'l2_leaf_reg': 0.058888250085570866, 'colsample_bylevel': 0.6242266482542921, 'min_data_in_leaf': 24}. Best is trial 14 with value: 0.5450618032241417.
/home/ai4062/.local/lib/python3.10/site-packages/sklearn/metrics/_regression.py:492: FutureWarning: 'squared' is deprecated in version 1.4 and will be removed in 1.6. To calculate the root mean squared error, use the function'root_mean_squared_error'.
  warnings.warn(
[I 2024-06-06 13:39:03,528] Trial 49 finished with value: 0.6038248530635294 and parameters: {'learning_rate': 0.0044301423788157416, 'depth': 2, 'l2_leaf_reg': 0.03978407788022108, 'colsample_bylevel': 0.6603253183025859, 'min_data_in_leaf': 37}. Best is trial 14 with value: 0.5450618032241417.
Best hyperparameters: {'learning_rate': 0.02469147543829647, 'depth': 10, 'l2_leaf_reg': 0.0315775775719611, 'colsample_bylevel': 0.2507721914805017, 'min_data_in_leaf': 21}
Best RMSE: 0.5450618032241417
