[I 2024-06-06 11:36:13,054] Trial 0 finished with value: 0.5501065706311913 and parameters: {'learning_rate': 0.01041094464122008, 'depth': 9, 'l2_leaf_reg': 0.01833869405240519, 'colsample_bylevel': 0.584658409233654, 'min_data_in_leaf': 20}. Best is trial 0 with value: 0.5501065706311913.
/home/ai4062/.local/lib/python3.10/site-packages/sklearn/metrics/_regression.py:492: FutureWarning: 'squared' is deprecated in version 1.4 and will be removed in 1.6. To calculate the root mean squared error, use the function'root_mean_squared_error'.
  warnings.warn(
[I 2024-06-06 11:39:59,717] Trial 1 finished with value: 0.574913172370141 and parameters: {'learning_rate': 0.0026636197390879886, 'depth': 8, 'l2_leaf_reg': 0.052423132612692824, 'colsample_bylevel': 0.3467678499675099, 'min_data_in_leaf': 36}. Best is trial 0 with value: 0.5501065706311913.
/home/ai4062/.local/lib/python3.10/site-packages/sklearn/metrics/_regression.py:492: FutureWarning: 'squared' is deprecated in version 1.4 and will be removed in 1.6. To calculate the root mean squared error, use the function'root_mean_squared_error'.
  warnings.warn(
[I 2024-06-06 11:44:05,627] Trial 2 finished with value: 0.5486304868788474 and parameters: {'learning_rate': 0.01115506936963222, 'depth': 9, 'l2_leaf_reg': 0.06766563436192105, 'colsample_bylevel': 0.26301372436334886, 'min_data_in_leaf': 10}. Best is trial 2 with value: 0.5486304868788474.
/home/ai4062/.local/lib/python3.10/site-packages/sklearn/metrics/_regression.py:492: FutureWarning: 'squared' is deprecated in version 1.4 and will be removed in 1.6. To calculate the root mean squared error, use the function'root_mean_squared_error'.
  warnings.warn(
[I 2024-06-06 11:45:55,968] Trial 3 finished with value: 0.5573174556261048 and parameters: {'learning_rate': 0.07110330954325263, 'depth': 8, 'l2_leaf_reg': 0.03399297178844418, 'colsample_bylevel': 0.9891825210800708, 'min_data_in_leaf': 90}. Best is trial 2 with value: 0.5486304868788474.
/home/ai4062/.local/lib/python3.10/site-packages/sklearn/metrics/_regression.py:492: FutureWarning: 'squared' is deprecated in version 1.4 and will be removed in 1.6. To calculate the root mean squared error, use the function'root_mean_squared_error'.
  warnings.warn(
[I 2024-06-06 11:46:56,125] Trial 4 finished with value: 0.5535214232944833 and parameters: {'learning_rate': 0.013501422616716751, 'depth': 10, 'l2_leaf_reg': 0.010532201414978912, 'colsample_bylevel': 0.11832363454380243, 'min_data_in_leaf': 9}. Best is trial 2 with value: 0.5486304868788474.
/home/ai4062/.local/lib/python3.10/site-packages/sklearn/metrics/_regression.py:492: FutureWarning: 'squared' is deprecated in version 1.4 and will be removed in 1.6. To calculate the root mean squared error, use the function'root_mean_squared_error'.
  warnings.warn(
[I 2024-06-06 11:47:01,288] Trial 5 finished with value: 0.6197144967654886 and parameters: {'learning_rate': 0.0021666182927591775, 'depth': 2, 'l2_leaf_reg': 0.020086150653235692, 'colsample_bylevel': 0.36390454922377424, 'min_data_in_leaf': 94}. Best is trial 2 with value: 0.5486304868788474.
/home/ai4062/.local/lib/python3.10/site-packages/sklearn/metrics/_regression.py:492: FutureWarning: 'squared' is deprecated in version 1.4 and will be removed in 1.6. To calculate the root mean squared error, use the function'root_mean_squared_error'.
  warnings.warn(
[I 2024-06-06 11:47:05,111] Trial 6 finished with value: 0.644199380335958 and parameters: {'learning_rate': 0.0021704653966755183, 'depth': 1, 'l2_leaf_reg': 0.01625935499421606, 'colsample_bylevel': 0.3223736516945168, 'min_data_in_leaf': 83}. Best is trial 2 with value: 0.5486304868788474.
/home/ai4062/.local/lib/python3.10/site-packages/sklearn/metrics/_regression.py:492: FutureWarning: 'squared' is deprecated in version 1.4 and will be removed in 1.6. To calculate the root mean squared error, use the function'root_mean_squared_error'.
  warnings.warn(
[I 2024-06-06 11:49:29,207] Trial 7 finished with value: 0.550545847382972 and parameters: {'learning_rate': 0.012243507671679553, 'depth': 10, 'l2_leaf_reg': 0.04715439053404509, 'colsample_bylevel': 0.8009392663629277, 'min_data_in_leaf': 39}. Best is trial 2 with value: 0.5486304868788474.
/home/ai4062/.local/lib/python3.10/site-packages/sklearn/metrics/_regression.py:492: FutureWarning: 'squared' is deprecated in version 1.4 and will be removed in 1.6. To calculate the root mean squared error, use the function'root_mean_squared_error'.
  warnings.warn(
[I 2024-06-06 11:49:33,305] Trial 8 finished with value: 0.609763763504594 and parameters: {'learning_rate': 0.006077867101680301, 'depth': 2, 'l2_leaf_reg': 0.013163653431738321, 'colsample_bylevel': 0.0791023909440017, 'min_data_in_leaf': 53}. Best is trial 2 with value: 0.5486304868788474.
/home/ai4062/.local/lib/python3.10/site-packages/sklearn/metrics/_regression.py:492: FutureWarning: 'squared' is deprecated in version 1.4 and will be removed in 1.6. To calculate the root mean squared error, use the function'root_mean_squared_error'.
  warnings.warn(
[I 2024-06-06 11:51:46,558] Trial 9 finished with value: 0.5766975401997899 and parameters: {'learning_rate': 0.0027077737516990716, 'depth': 8, 'l2_leaf_reg': 0.011547077992385945, 'colsample_bylevel': 0.179984488805019, 'min_data_in_leaf': 86}. Best is trial 2 with value: 0.5486304868788474.
/home/ai4062/.local/lib/python3.10/site-packages/sklearn/metrics/_regression.py:492: FutureWarning: 'squared' is deprecated in version 1.4 and will be removed in 1.6. To calculate the root mean squared error, use the function'root_mean_squared_error'.
  warnings.warn(
[I 2024-06-06 11:52:41,276] Trial 10 finished with value: 0.5563582703590967 and parameters: {'learning_rate': 0.04037204734623255, 'depth': 5, 'l2_leaf_reg': 0.09548611125613712, 'colsample_bylevel': 0.5825878859758766, 'min_data_in_leaf': 1}. Best is trial 2 with value: 0.5486304868788474.
/home/ai4062/.local/lib/python3.10/site-packages/sklearn/metrics/_regression.py:492: FutureWarning: 'squared' is deprecated in version 1.4 and will be removed in 1.6. To calculate the root mean squared error, use the function'root_mean_squared_error'.
  warnings.warn(
[I 2024-06-06 11:54:15,455] Trial 11 finished with value: 0.553512323273829 and parameters: {'learning_rate': 0.028034897556785548, 'depth': 6, 'l2_leaf_reg': 0.09326972445084082, 'colsample_bylevel': 0.6103471585346781, 'min_data_in_leaf': 20}. Best is trial 2 with value: 0.5486304868788474.
/home/ai4062/.local/lib/python3.10/site-packages/sklearn/metrics/_regression.py:492: FutureWarning: 'squared' is deprecated in version 1.4 and will be removed in 1.6. To calculate the root mean squared error, use the function'root_mean_squared_error'.
  warnings.warn(
[I 2024-06-06 11:55:05,944] Trial 12 finished with value: 0.5657580380484063 and parameters: {'learning_rate': 0.008151162881155381, 'depth': 5, 'l2_leaf_reg': 0.023080469994529156, 'colsample_bylevel': 0.472662528244681, 'min_data_in_leaf': 22}. Best is trial 2 with value: 0.5486304868788474.
/home/ai4062/.local/lib/python3.10/site-packages/sklearn/metrics/_regression.py:492: FutureWarning: 'squared' is deprecated in version 1.4 and will be removed in 1.6. To calculate the root mean squared error, use the function'root_mean_squared_error'.
  warnings.warn(
[I 2024-06-06 11:57:36,171] Trial 13 finished with value: 0.5635625443488153 and parameters: {'learning_rate': 0.00496983871986837, 'depth': 7, 'l2_leaf_reg': 0.06221683463518545, 'colsample_bylevel': 0.7403681480784489, 'min_data_in_leaf': 61}. Best is trial 2 with value: 0.5486304868788474.
/home/ai4062/.local/lib/python3.10/site-packages/sklearn/metrics/_regression.py:492: FutureWarning: 'squared' is deprecated in version 1.4 and will be removed in 1.6. To calculate the root mean squared error, use the function'root_mean_squared_error'.
  warnings.warn(
[I 2024-06-06 11:58:58,662] Trial 14 finished with value: 0.5450618032241417 and parameters: {'learning_rate': 0.02469147543829647, 'depth': 10, 'l2_leaf_reg': 0.0315775775719611, 'colsample_bylevel': 0.2507721914805017, 'min_data_in_leaf': 21}. Best is trial 14 with value: 0.5450618032241417.
/home/ai4062/.local/lib/python3.10/site-packages/sklearn/metrics/_regression.py:492: FutureWarning: 'squared' is deprecated in version 1.4 and will be removed in 1.6. To calculate the root mean squared error, use the function'root_mean_squared_error'.
  warnings.warn(
[I 2024-06-06 12:00:19,507] Trial 15 finished with value: 0.5521135555832503 and parameters: {'learning_rate': 0.022520391016331954, 'depth': 10, 'l2_leaf_reg': 0.03226930877607886, 'colsample_bylevel': 0.23072564791064737, 'min_data_in_leaf': 35}. Best is trial 14 with value: 0.5450618032241417.
/home/ai4062/.local/lib/python3.10/site-packages/sklearn/metrics/_regression.py:492: FutureWarning: 'squared' is deprecated in version 1.4 and will be removed in 1.6. To calculate the root mean squared error, use the function'root_mean_squared_error'.
  warnings.warn(
[I 2024-06-06 12:00:29,738] Trial 16 finished with value: 0.5760306327402233 and parameters: {'learning_rate': 0.08180104091796522, 'depth': 4, 'l2_leaf_reg': 0.06839433845572254, 'colsample_bylevel': 0.25670967310084064, 'min_data_in_leaf': 2}. Best is trial 14 with value: 0.5450618032241417.
/home/ai4062/.local/lib/python3.10/site-packages/sklearn/metrics/_regression.py:492: FutureWarning: 'squared' is deprecated in version 1.4 and will be removed in 1.6. To calculate the root mean squared error, use the function'root_mean_squared_error'.
  warnings.warn(
[I 2024-06-06 12:06:14,727] Trial 17 finished with value: 0.5501819712075113 and parameters: {'learning_rate': 0.01844566329751361, 'depth': 9, 'l2_leaf_reg': 0.02594960213842831, 'colsample_bylevel': 0.4216113674985408, 'min_data_in_leaf': 70}. Best is trial 14 with value: 0.5450618032241417.
/home/ai4062/.local/lib/python3.10/site-packages/sklearn/metrics/_regression.py:492: FutureWarning: 'squared' is deprecated in version 1.4 and will be removed in 1.6. To calculate the root mean squared error, use the function'root_mean_squared_error'.
  warnings.warn(
[I 2024-06-06 12:07:31,506] Trial 18 finished with value: 0.5558586815614788 and parameters: {'learning_rate': 0.046435916814838364, 'depth': 7, 'l2_leaf_reg': 0.04239316052902731, 'colsample_bylevel': 0.17474524269443137, 'min_data_in_leaf': 13}. Best is trial 14 with value: 0.5450618032241417.
/home/ai4062/.local/lib/python3.10/site-packages/sklearn/metrics/_regression.py:492: FutureWarning: 'squared' is deprecated in version 1.4 and will be removed in 1.6. To calculate the root mean squared error, use the function'root_mean_squared_error'.
  warnings.warn(
[I 2024-06-06 12:11:52,269] Trial 19 finished with value: 0.5605823902582635 and parameters: {'learning_rate': 0.004000932002754075, 'depth': 9, 'l2_leaf_reg': 0.07153718687644443, 'colsample_bylevel': 0.27748147099601106, 'min_data_in_leaf': 29}. Best is trial 14 with value: 0.5450618032241417.
/home/ai4062/.local/lib/python3.10/site-packages/sklearn/metrics/_regression.py:492: FutureWarning: 'squared' is deprecated in version 1.4 and will be removed in 1.6. To calculate the root mean squared error, use the function'root_mean_squared_error'.
  warnings.warn(
[I 2024-06-06 12:12:23,150] Trial 20 finished with value: 0.5595872678511417 and parameters: {'learning_rate': 0.035037528978748435, 'depth': 7, 'l2_leaf_reg': 0.04064391286712641, 'colsample_bylevel': 0.0527352003841311, 'min_data_in_leaf': 48}. Best is trial 14 with value: 0.5450618032241417.
/home/ai4062/.local/lib/python3.10/site-packages/sklearn/metrics/_regression.py:492: FutureWarning: 'squared' is deprecated in version 1.4 and will be removed in 1.6. To calculate the root mean squared error, use the function'root_mean_squared_error'.
  warnings.warn(
[I 2024-06-06 12:18:48,991] Trial 21 finished with value: 0.5499218905525054 and parameters: {'learning_rate': 0.008726075070808215, 'depth': 9, 'l2_leaf_reg': 0.01867348399587646, 'colsample_bylevel': 0.5293136889514298, 'min_data_in_leaf': 16}. Best is trial 14 with value: 0.5450618032241417.
/home/ai4062/.local/lib/python3.10/site-packages/sklearn/metrics/_regression.py:492: FutureWarning: 'squared' is deprecated in version 1.4 and will be removed in 1.6. To calculate the root mean squared error, use the function'root_mean_squared_error'.
  warnings.warn(
[I 2024-06-06 12:24:57,188] Trial 22 finished with value: 0.5496093719299283 and parameters: {'learning_rate': 0.018284741571968723, 'depth': 9, 'l2_leaf_reg': 0.026451939862984518, 'colsample_bylevel': 0.48280805204179256, 'min_data_in_leaf': 11}. Best is trial 14 with value: 0.5450618032241417.
/home/ai4062/.local/lib/python3.10/site-packages/sklearn/metrics/_regression.py:492: FutureWarning: 'squared' is deprecated in version 1.4 and will be removed in 1.6. To calculate the root mean squared error, use the function'root_mean_squared_error'.
  warnings.warn(
[I 2024-06-06 12:26:41,803] Trial 23 finished with value: 0.5517585831159092 and parameters: {'learning_rate': 0.018366638266920338, 'depth': 10, 'l2_leaf_reg': 0.029892137475550914, 'colsample_bylevel': 0.42368277603244264, 'min_data_in_leaf': 7}. Best is trial 14 with value: 0.5450618032241417.
/home/ai4062/.local/lib/python3.10/site-packages/sklearn/metrics/_regression.py:492: FutureWarning: 'squared' is deprecated in version 1.4 and will be removed in 1.6. To calculate the root mean squared error, use the function'root_mean_squared_error'.
  warnings.warn(
[I 2024-06-06 12:31:24,336] Trial 24 finished with value: 0.5951850330129423 and parameters: {'learning_rate': 0.0011527759410463261, 'depth': 8, 'l2_leaf_reg': 0.025056865172845135, 'colsample_bylevel': 0.6971131317731818, 'min_data_in_leaf': 26}. Best is trial 14 with value: 0.5450618032241417.
/home/ai4062/.local/lib/python3.10/site-packages/sklearn/metrics/_regression.py:492: FutureWarning: 'squared' is deprecated in version 1.4 and will be removed in 1.6. To calculate the root mean squared error, use the function'root_mean_squared_error'.
  warnings.warn(
[I 2024-06-06 12:34:14,060] Trial 25 finished with value: 0.5602832042714313 and parameters: {'learning_rate': 0.05745221243515533, 'depth': 9, 'l2_leaf_reg': 0.0374291794477154, 'colsample_bylevel': 0.15632829580518323, 'min_data_in_leaf': 11}. Best is trial 14 with value: 0.5450618032241417.
/home/ai4062/.local/lib/python3.10/site-packages/sklearn/metrics/_regression.py:492: FutureWarning: 'squared' is deprecated in version 1.4 and will be removed in 1.6. To calculate the root mean squared error, use the function'root_mean_squared_error'.
  warnings.warn(
[I 2024-06-06 12:35:34,702] Trial 26 finished with value: 0.5552934746635904 and parameters: {'learning_rate': 0.015866186621212926, 'depth': 6, 'l2_leaf_reg': 0.05445054975737765, 'colsample_bylevel': 0.42530307062278977, 'min_data_in_leaf': 44}. Best is trial 14 with value: 0.5450618032241417.
/home/ai4062/.local/lib/python3.10/site-packages/sklearn/metrics/_regression.py:492: FutureWarning: 'squared' is deprecated in version 1.4 and will be removed in 1.6. To calculate the root mean squared error, use the function'root_mean_squared_error'.
  warnings.warn(
[I 2024-06-06 12:37:04,178] Trial 27 finished with value: 0.5466965622600068 and parameters: {'learning_rate': 0.024247462597940285, 'depth': 10, 'l2_leaf_reg': 0.02790833047300521, 'colsample_bylevel': 0.30278101869481944, 'min_data_in_leaf': 29}. Best is trial 14 with value: 0.5450618032241417.
/home/ai4062/.local/lib/python3.10/site-packages/sklearn/metrics/_regression.py:492: FutureWarning: 'squared' is deprecated in version 1.4 and will be removed in 1.6. To calculate the root mean squared error, use the function'root_mean_squared_error'.
  warnings.warn(
[I 2024-06-06 12:38:25,699] Trial 28 finished with value: 0.552310554046863 and parameters: {'learning_rate': 0.02755985842366519, 'depth': 10, 'l2_leaf_reg': 0.0780872565118713, 'colsample_bylevel': 0.2306363833375387, 'min_data_in_leaf': 32}. Best is trial 14 with value: 0.5450618032241417.
/home/ai4062/.local/lib/python3.10/site-packages/sklearn/metrics/_regression.py:492: FutureWarning: 'squared' is deprecated in version 1.4 and will be removed in 1.6. To calculate the root mean squared error, use the function'root_mean_squared_error'.
  warnings.warn(
[I 2024-06-06 12:39:53,910] Trial 29 finished with value: 0.5511054749151314 and parameters: {'learning_rate': 0.010779789809507738, 'depth': 10, 'l2_leaf_reg': 0.02196165993236543, 'colsample_bylevel': 0.2982948817084459, 'min_data_in_leaf': 26}. Best is trial 14 with value: 0.5450618032241417.
/home/ai4062/.local/lib/python3.10/site-packages/sklearn/metrics/_regression.py:492: FutureWarning: 'squared' is deprecated in version 1.4 and will be removed in 1.6. To calculate the root mean squared error, use the function'root_mean_squared_error'.
  warnings.warn(
[I 2024-06-06 12:40:08,184] Trial 30 finished with value: 0.5853794398226067 and parameters: {'learning_rate': 0.09779622107787525, 'depth': 4, 'l2_leaf_reg': 0.015078064470401116, 'colsample_bylevel': 0.3513598622165375, 'min_data_in_leaf': 17}. Best is trial 14 with value: 0.5450618032241417.
/home/ai4062/.local/lib/python3.10/site-packages/sklearn/metrics/_regression.py:492: FutureWarning: 'squared' is deprecated in version 1.4 and will be removed in 1.6. To calculate the root mean squared error, use the function'root_mean_squared_error'.
  warnings.warn(
[I 2024-06-06 12:46:33,515] Trial 31 finished with value: 0.5507013001318215 and parameters: {'learning_rate': 0.02495052688785028, 'depth': 9, 'l2_leaf_reg': 0.027510100004700774, 'colsample_bylevel': 0.5243512745742372, 'min_data_in_leaf': 22}. Best is trial 14 with value: 0.5450618032241417.
/home/ai4062/.local/lib/python3.10/site-packages/sklearn/metrics/_regression.py:492: FutureWarning: 'squared' is deprecated in version 1.4 and will be removed in 1.6. To calculate the root mean squared error, use the function'root_mean_squared_error'.
  warnings.warn(
[I 2024-06-06 12:50:35,486] Trial 32 finished with value: 0.5537602374710194 and parameters: {'learning_rate': 0.007002828991186175, 'depth': 8, 'l2_leaf_reg': 0.03349802994053584, 'colsample_bylevel': 0.3872687459780757, 'min_data_in_leaf': 6}. Best is trial 14 with value: 0.5450618032241417.
/home/ai4062/.local/lib/python3.10/site-packages/sklearn/metrics/_regression.py:492: FutureWarning: 'squared' is deprecated in version 1.4 and will be removed in 1.6. To calculate the root mean squared error, use the function'root_mean_squared_error'.
  warnings.warn(
[I 2024-06-06 12:56:50,009] Trial 33 finished with value: 0.5525760494551608 and parameters: {'learning_rate': 0.033703464602197905, 'depth': 9, 'l2_leaf_reg': 0.02816427510686133, 'colsample_bylevel': 0.4953752696076438, 'min_data_in_leaf': 14}. Best is trial 14 with value: 0.5450618032241417.
/home/ai4062/.local/lib/python3.10/site-packages/sklearn/metrics/_regression.py:492: FutureWarning: 'squared' is deprecated in version 1.4 and will be removed in 1.6. To calculate the root mean squared error, use the function'root_mean_squared_error'.
  warnings.warn(
[I 2024-06-06 12:59:25,159] Trial 34 finished with value: 0.5534221660435212 and parameters: {'learning_rate': 0.0151108040726929, 'depth': 8, 'l2_leaf_reg': 0.03597274089517577, 'colsample_bylevel': 0.22139399114977254, 'min_data_in_leaf': 40}. Best is trial 14 with value: 0.5450618032241417.
/home/ai4062/.local/lib/python3.10/site-packages/sklearn/metrics/_regression.py:492: FutureWarning: 'squared' is deprecated in version 1.4 and will be removed in 1.6. To calculate the root mean squared error, use the function'root_mean_squared_error'.
  warnings.warn(
[I 2024-06-06 13:02:03,886] Trial 35 finished with value: 0.5524939577947369 and parameters: {'learning_rate': 0.020372110028847153, 'depth': 10, 'l2_leaf_reg': 0.02152559555749641, 'colsample_bylevel': 0.8820456347075205, 'min_data_in_leaf': 7}. Best is trial 14 with value: 0.5450618032241417.
/home/ai4062/.local/lib/python3.10/site-packages/sklearn/metrics/_regression.py:492: FutureWarning: 'squared' is deprecated in version 1.4 and will be removed in 1.6. To calculate the root mean squared error, use the function'root_mean_squared_error'.
  warnings.warn(
[I 2024-06-06 13:07:06,566] Trial 36 finished with value: 0.5588645046552472 and parameters: {'learning_rate': 0.05221486372759875, 'depth': 9, 'l2_leaf_reg': 0.04457047690210888, 'colsample_bylevel': 0.32438760596368266, 'min_data_in_leaf': 28}. Best is trial 14 with value: 0.5450618032241417.
/home/ai4062/.local/lib/python3.10/site-packages/sklearn/metrics/_regression.py:492: FutureWarning: 'squared' is deprecated in version 1.4 and will be removed in 1.6. To calculate the root mean squared error, use the function'root_mean_squared_error'.
  warnings.warn(
[I 2024-06-06 13:09:06,671] Trial 37 finished with value: 0.5499127814085503 and parameters: {'learning_rate': 0.011085350331258882, 'depth': 10, 'l2_leaf_reg': 0.051364129653022325, 'colsample_bylevel': 0.5834744106658576, 'min_data_in_leaf': 19}. Best is trial 14 with value: 0.5450618032241417.
/home/ai4062/.local/lib/python3.10/site-packages/sklearn/metrics/_regression.py:492: FutureWarning: 'squared' is deprecated in version 1.4 and will be removed in 1.6. To calculate the root mean squared error, use the function'root_mean_squared_error'.
  warnings.warn(
